[TRACE] 19:47:17 • [DependencyControl] Lock was released after 100 ms.
[TRACE] 19:47:17 • [DependencyControl] Couldn't find config file 'G:\Aegisub Old\Aegisub 3.2.2\config\l0.FileOps.json'.
[TRACE] 19:47:17 • [DependencyControl] DependencyControl initialization took 1.137397 seconds so far...
[TRACE] 19:47:17 • [DependencyControl] DependencyControl initialization took 1.141084 seconds so far...
[TRACE] 19:47:17 • [DependencyControl] DependencyControl initialization took 1.144202 seconds so far...
[TRACE] 19:47:17 • [DependencyControl] DependencyControl initialization took 1.147563 seconds so far...
[TRACE] 19:47:17 • [DependencyControl] DependencyControl initialization took 1.151408 seconds so far...
[TRACE] 19:47:17 • [DependencyControl] DependencyControl initialization took 1.155118 seconds so far...
[TRACE] 19:47:17 • [DependencyControl] DependencyControl initialization took 1.157163 seconds so far...
[TRACE] 19:47:17 • [DependencyControl] DependencyControl initialization took 1.158023 seconds so far...
[TRACE] 19:47:17 • [DependencyControl] DependencyControl initialization took 1.158901 seconds so far...
[TRACE] 19:47:17 • [DependencyControl] DependencyControl initialization took 1.159721 seconds so far...
[TRACE] 19:47:17 • [DependencyControl] DependencyControl initialization took 1.160543 seconds so far...
[TRACE] 19:47:17 • [DependencyControl] DependencyControl initialization took 1.161257 seconds so far...
[TRACE] 19:47:17 • [DependencyControl] Writing updated module data to config file...
[TRACE] 19:47:17 • [DependencyControl] Writing config file 'G:\Aegisub Old\Aegisub 3.2.2\config\l0.DependencyControl.json'...
[TRACE] 19:47:17 • [DependencyControl] DependencyControl initialization took 1.163976 seconds so far...
[TRACE] 19:47:17 • [DependencyControl] DependencyControl initialization took 1.172820 seconds so far...
[TRACE] 19:47:17 • [DependencyControl] Writing config file 'G:\Aegisub Old\Aegisub 3.2.2\config\l0.DependencyControl.json'...
[TRACE] 19:47:17 • [DependencyControl] Running scheduled update for module 'ShakeShapeHandler'...
[HINT] 19:47:17 • [DependencyControl] Starting update of module 'ShakeShapeHandler'... 
[TRACE] 19:47:17 • [DependencyControl] Writing config file 'G:\Aegisub Old\Aegisub 3.2.2\config\l0.DependencyControl.json'...
[HINT] 19:47:17 • [DependencyControl] Trying 1 candidate feeds (normal mode)...
— [HINT] 19:47:17 • [DependencyControl] Checking feed 1/1 (https://raw.githubusercontent.com/TypesettingTools/Aegisub-Motion/DepCtrl/DependencyControl.json)...
— [TRACE] 19:47:18 • [DependencyControl] Downloaded feed to G:\Aegisub Old\Aegisub 3.2.2\feedDump\l0.UpdateFeed_CE54.json.
[HINT] 19:47:18 • [DependencyControl] Checking requirements...
— [TRACE] 19:47:18 • [DependencyControl] DependencyControl initialization took 1.174407 seconds so far...
[HINT] 19:47:18 • [DependencyControl] Update ready. Using temporary directory 'C:\Users\asus\AppData\Local\Temp\\l0.DependencyControl_1705'.
[TRACE] 19:47:18 • [DependencyControl] Added Download https://raw.githubusercontent.com/TypesettingTools/Aegisub-Motion/DepCtrl/src/ShakeShapeHandler.moon ==> 'a-mo/ShakeShapeHandler.moon'.
[HINT] 19:47:18 • [DependencyControl] Downloading 1 files... [■■■■■■■■■■]
[HINT] 19:47:21 • [DependencyControl] Downloads complete. Now moving files to Aegisub automation directory 'G:\Aegisub Old\Aegisub 3.2.2\automation\include'...
— [TRACE] 19:47:21 • [DependencyControl] File 'G:\Aegisub Old\Aegisub 3.2.2\automation\include/a-mo/ShakeShapeHandler.moon' already exists, overwriting...
— [TRACE] 19:47:21 • [DependencyControl] Moved 'C:\Users\asus\AppData\Local\Temp\\l0.DependencyControl_1705/script/a-mo/ShakeShapeHandler.moon' ==> 'G:\Aegisub Old\Aegisub 3.2.2\automation\include/a-mo/ShakeShapeHandler.moon'.
[HINT] 19:47:21 • [DependencyControl] update of module 'ShakeShapeHandler' succeeded, couldn't be located by the module loader.
[TRACE] 19:47:21 • [DependencyControl] Writing config file 'G:\Aegisub Old\Aegisub 3.2.2\config\l0.DependencyControl.json'...
[TRACE] 19:47:21 • [DependencyControl] Writing config file 'G:\Aegisub Old\Aegisub 3.2.2\config\l0.DependencyControl.json'...
[TRACE] 19:47:21 • [DependencyControl] Running scheduled update for module 'DataWrapper'...
[HINT] 19:47:21 • [DependencyControl] Starting update of module 'DataWrapper'... 
[TRACE] 19:47:21 • [DependencyControl] Writing config file 'G:\Aegisub Old\Aegisub 3.2.2\config\l0.DependencyControl.json'...
[HINT] 19:47:21 • [DependencyControl] Trying 1 candidate feeds (normal mode)...
— [HINT] 19:47:21 • [DependencyControl] Checking feed 1/1 (https://raw.githubusercontent.com/TypesettingTools/Aegisub-Motion/DepCtrl/DependencyControl.json)...
— [TRACE] 19:47:21 • [DependencyControl] Using cached feed.
— [TRACE] 19:47:21 • [DependencyControl] Feed has no new update.
[HINT] 19:47:21 • [DependencyControl] Module 'DataWrapper' is up-to-date (v1.0.2).
[TRACE] 19:47:21 • [DependencyControl] DependencyControl initialization took 1.175391 seconds so far...
[TRACE] 19:47:21 • [DependencyControl] DependencyControl initialization took 1.176292 seconds so far...
[TRACE] 19:47:21 • [DependencyControl] DependencyControl initialization took 1.177227 seconds so far...
[TRACE] 19:47:21 • [DependencyControl] DependencyControl initialization took 1.178094 seconds so far...
[TRACE] 19:47:21 • [DependencyControl] DependencyControl initialization took 1.179022 seconds so far...
[TRACE] 19:47:21 • [DependencyControl] DependencyControl initialization took 1.179878 seconds so far...
[TRACE] 19:47:21 • [DependencyControl] DependencyControl initialization took 1.180797 seconds so far...
[TRACE] 19:47:21 • [DependencyControl] DependencyControl initialization took 1.181778 seconds so far...
[TRACE] 19:47:21 • [DependencyControl] DependencyControl initialization took 1.182729 seconds so far...
[TRACE] 19:47:21 • [DependencyControl] Writing config file 'G:\Aegisub Old\Aegisub 3.2.2\config\l0.DependencyControl.json'...
[TRACE] 19:47:21 • [DependencyControl] Writing config file 'G:\Aegisub Old\Aegisub 3.2.2\config\l0.DependencyControl.json'...
[TRACE] 19:47:21 • [DependencyControl] Running scheduled update for module 'LineCollection'...
[HINT] 19:47:21 • [DependencyControl] Starting update of module 'LineCollection'... 
[TRACE] 19:47:21 • [DependencyControl] Writing config file 'G:\Aegisub Old\Aegisub 3.2.2\config\l0.DependencyControl.json'...
[HINT] 19:47:21 • [DependencyControl] Trying 1 candidate feeds (normal mode)...
— [HINT] 19:47:21 • [DependencyControl] Checking feed 1/1 (https://raw.githubusercontent.com/TypesettingTools/Aegisub-Motion/DepCtrl/DependencyControl.json)...
— [TRACE] 19:47:21 • [DependencyControl] Using cached feed.
[HINT] 19:47:21 • [DependencyControl] Checking requirements...
— [HINT] 19:47:21 • [DependencyControl] Updating outdated module 'Line'...
— [HINT] 19:47:21 • [DependencyControl] Starting update of module 'Line'... 
— [HINT] 19:47:21 • [DependencyControl] Trying 2 candidate feeds (normal mode)...
—— [HINT] 19:47:21 • [DependencyControl] Checking feed 1/2 (https://raw.githubusercontent.com/TypesettingTools/Aegisub-Motion/DepCtrl/DependencyControl.json)...
—— [TRACE] 19:47:21 • [DependencyControl] Using cached feed.
— [HINT] 19:47:21 • [DependencyControl] Checking requirements...
—— [TRACE] 19:47:21 • [DependencyControl] DependencyControl initialization took 1.188384 seconds so far...
— [HINT] 19:47:21 • [DependencyControl] Update ready. Using temporary directory 'C:\Users\asus\AppData\Local\Temp\\l0.DependencyControl_ACD5'.
— [TRACE] 19:47:21 • [DependencyControl] Added Download https://raw.githubusercontent.com/TypesettingTools/Aegisub-Motion/DepCtrl/src/Line.moon ==> 'a-mo/Line.moon'.
— [HINT] 19:47:21 • [DependencyControl] Downloading 1 files... [■■■■■■■■■■]
— [HINT] 19:47:23 • [DependencyControl] Downloads complete. Now moving files to Aegisub automation directory 'G:\Aegisub Old\Aegisub 3.2.2\automation\include'...
—— [TRACE] 19:47:23 • [DependencyControl] File 'G:\Aegisub Old\Aegisub 3.2.2\automation\include/a-mo/Line.moon' already exists, overwriting...
—— [TRACE] 19:47:23 • [DependencyControl] Moved 'C:\Users\asus\AppData\Local\Temp\\l0.DependencyControl_ACD5/script/a-mo/Line.moon' ==> 'G:\Aegisub Old\Aegisub 3.2.2\automation\include/a-mo/Line.moon'.
— [TRACE] 19:47:23 • [DependencyControl] DependencyControl initialization took 1.189768 seconds so far...
— [TRACE] 19:47:23 • [DependencyControl] DependencyControl initialization took 1.190727 seconds so far...
— [TRACE] 19:47:23 • [DependencyControl] Writing config file 'G:\Aegisub Old\Aegisub 3.2.2\config\l0.DependencyControl.json'...
— [HINT] 19:47:23 • [DependencyControl] Update of module 'Line' (v1.5.3) complete.
— [HINT] 19:47:23 • [DependencyControl] Please rescan your autoload directory for the changes to take effect.
— [TRACE] 19:47:23 • [DependencyControl] DependencyControl initialization took 1.199606 seconds so far...
[HINT] 19:47:23 • [DependencyControl] Update ready. Using temporary directory 'C:\Users\asus\AppData\Local\Temp\\l0.DependencyControl_E992'.
[TRACE] 19:47:23 • [DependencyControl] Added Download https://raw.githubusercontent.com/TypesettingTools/Aegisub-Motion/DepCtrl/src/LineCollection.moon ==> 'a-mo/LineCollection.moon'.
[HINT] 19:47:23 • [DependencyControl] Downloading 1 files... [■■■■■■■■■■]
[HINT] 19:47:24 • [DependencyControl] Downloads complete. Now moving files to Aegisub automation directory 'G:\Aegisub Old\Aegisub 3.2.2\automation\include'...
— [TRACE] 19:47:24 • [DependencyControl] File 'G:\Aegisub Old\Aegisub 3.2.2\automation\include/a-mo/LineCollection.moon' already exists, overwriting...
— [TRACE] 19:47:24 • [DependencyControl] Moved 'C:\Users\asus\AppData\Local\Temp\\l0.DependencyControl_E992/script/a-mo/LineCollection.moon' ==> 'G:\Aegisub Old\Aegisub 3.2.2\automation\include/a-mo/LineCollection.moon'.
[TRACE] 19:47:24 • [DependencyControl] Writing updated module data to config file...
[TRACE] 19:47:24 • [DependencyControl] Writing config file 'G:\Aegisub Old\Aegisub 3.2.2\config\l0.DependencyControl.json'...
[TRACE] 19:47:24 • [DependencyControl] DependencyControl initialization took 1.203235 seconds so far...
[TRACE] 19:47:24 • [DependencyControl] DependencyControl initialization took 1.213494 seconds so far...
[HINT] 19:47:24 • [DependencyControl] Update of module 'LineCollection' (v1.3.0) complete.
[HINT] 19:47:24 • [DependencyControl] Please rescan your autoload directory for the changes to take effect.
[TRACE] 19:47:24 • [DependencyControl] DependencyControl initialization took 1.214417 seconds so far...
[TRACE] 19:47:24 • [DependencyControl] DependencyControl initialization took 1.215490 seconds so far...
[TRACE] 19:47:24 • [DependencyControl] Writing updated module data to config file...
[TRACE] 19:47:24 • [DependencyControl] Writing config file 'G:\Aegisub Old\Aegisub 3.2.2\config\l0.DependencyControl.json'...
[TRACE] 19:47:24 • [DependencyControl] DependencyControl initialization took 1.219770 seconds so far...
[TRACE] 19:47:24 • [DependencyControl] DependencyControl initialization took 1.229983 seconds so far...
[TRACE] 19:47:24 • [DependencyControl] DependencyControl initialization took 1.230940 seconds so far...
[TRACE] 19:47:24 • [DependencyControl] Lock was released after 100 ms.
[TRACE] 19:47:24 • [DependencyControl] Writing config file 'G:\Aegisub Old\Aegisub 3.2.2\config\l0.DependencyControl.json'...
[TRACE] 19:47:24 • [DependencyControl] Running scheduled update for module 'MotionHandler'...
[HINT] 19:47:24 • [DependencyControl] Starting update of module 'MotionHandler'... 
[TRACE] 19:47:24 • [DependencyControl] Writing config file 'G:\Aegisub Old\Aegisub 3.2.2\config\l0.DependencyControl.json'...
[HINT] 19:47:24 • [DependencyControl] Trying 1 candidate feeds (normal mode)...
— [HINT] 19:47:24 • [DependencyControl] Checking feed 1/1 (https://raw.githubusercontent.com/TypesettingTools/Aegisub-Motion/DepCtrl/DependencyControl.json)...
— [TRACE] 19:47:24 • [DependencyControl] Using cached feed.
[HINT] 19:47:24 • [DependencyControl] Checking requirements...
— [TRACE] 19:47:24 • [DependencyControl] DependencyControl initialization took 1.240276 seconds so far...
— [TRACE] 19:47:24 • [DependencyControl] DependencyControl initialization took 1.241483 seconds so far...
[HINT] 19:47:24 • [DependencyControl] Update ready. Using temporary directory 'C:\Users\asus\AppData\Local\Temp\\l0.DependencyControl_4491'.
[TRACE] 19:47:24 • [DependencyControl] Added Download https://raw.githubusercontent.com/TypesettingTools/Aegisub-Motion/DepCtrl/src/MotionHandler.moon ==> 'a-mo/MotionHandler.moon'.
[HINT] 19:47:24 • [DependencyControl] Downloading 1 files... [■■■■■■■■■■]
[HINT] 19:47:26 • [DependencyControl] Downloads complete. Now moving files to Aegisub automation directory 'G:\Aegisub Old\Aegisub 3.2.2\automation\include'...
— [TRACE] 19:47:26 • [DependencyControl] File 'G:\Aegisub Old\Aegisub 3.2.2\automation\include/a-mo/MotionHandler.moon' already exists, overwriting...
— [TRACE] 19:47:26 • [DependencyControl] Moved 'C:\Users\asus\AppData\Local\Temp\\l0.DependencyControl_4491/script/a-mo/MotionHandler.moon' ==> 'G:\Aegisub Old\Aegisub 3.2.2\automation\include/a-mo/MotionHandler.moon'.
[HINT] 19:47:26 • [DependencyControl] update of module 'MotionHandler' succeeded, couldn't be located by the module loader.
[TRACE] 19:47:26 • [DependencyControl] Writing updated module data to config file...
[TRACE] 19:47:26 • [DependencyControl] Writing config file 'G:\Aegisub Old\Aegisub 3.2.2\config\l0.DependencyControl.json'...
[TRACE] 19:47:26 • [DependencyControl] DependencyControl initialization took 1.244518 seconds so far...
[TRACE] 19:47:26 • [DependencyControl] DependencyControl initialization took 1.251493 seconds so far...
[TRACE] 19:47:26 • [DependencyControl] Writing config file 'G:\Aegisub Old\Aegisub 3.2.2\config\l0.DependencyControl.json'...
[TRACE] 19:47:26 • [DependencyControl] Writing config file 'G:\Aegisub Old\Aegisub 3.2.2\config\l0.DependencyControl.json'...
[TRACE] 19:47:26 • [DependencyControl] Running scheduled update for module 'Statistics'...
[HINT] 19:47:26 • [DependencyControl] Starting update of module 'Statistics'... 
[TRACE] 19:47:26 • [DependencyControl] Writing config file 'G:\Aegisub Old\Aegisub 3.2.2\config\l0.DependencyControl.json'...
[HINT] 19:47:26 • [DependencyControl] Trying 1 candidate feeds (normal mode)...
— [HINT] 19:47:26 • [DependencyControl] Checking feed 1/1 (https://raw.githubusercontent.com/TypesettingTools/Aegisub-Motion/DepCtrl/DependencyControl.json)...
— [TRACE] 19:47:26 • [DependencyControl] Using cached feed.
— [TRACE] 19:47:26 • [DependencyControl] Feed has no new update.
[HINT] 19:47:26 • [DependencyControl] Module 'Statistics' is up-to-date (v0.1.3).
[TRACE] 19:47:26 • [DependencyControl] Writing updated module data to config file...
[TRACE] 19:47:26 • [DependencyControl] Writing config file 'G:\Aegisub Old\Aegisub 3.2.2\config\l0.DependencyControl.json'...
[TRACE] 19:47:26 • [DependencyControl] DependencyControl initialization took 1.254803 seconds so far...
[TRACE] 19:47:26 • [DependencyControl] DependencyControl initialization took 1.263143 seconds so far...
[TRACE] 19:47:26 • [DependencyControl] Writing config file 'G:\Aegisub Old\Aegisub 3.2.2\config\l0.DependencyControl.json'...
[TRACE] 19:47:26 • [DependencyControl] Writing config file 'G:\Aegisub Old\Aegisub 3.2.2\config\l0.DependencyControl.json'...
[TRACE] 19:47:26 • [DependencyControl] Running scheduled update for module 'TrimHandler'...
[HINT] 19:47:26 • [DependencyControl] Starting update of module 'TrimHandler'... 
[TRACE] 19:47:26 • [DependencyControl] Writing config file 'G:\Aegisub Old\Aegisub 3.2.2\config\l0.DependencyControl.json'...
[HINT] 19:47:26 • [DependencyControl] Trying 1 candidate feeds (normal mode)...
— [HINT] 19:47:26 • [DependencyControl] Checking feed 1/1 (https://raw.githubusercontent.com/TypesettingTools/Aegisub-Motion/DepCtrl/DependencyControl.json)...
— [TRACE] 19:47:26 • [DependencyControl] Using cached feed.
— [TRACE] 19:47:26 • [DependencyControl] Feed has no new update.
[HINT] 19:47:26 • [DependencyControl] Module 'TrimHandler' is up-to-date (v1.0.5).
[TRACE] 19:47:26 • [DependencyControl] Writing config file 'G:\Aegisub Old\Aegisub 3.2.2\config\l0.DependencyControl.json'...
