[TRACE] 19:51:52 • [DependencyControl] Lock was released after 150 ms.
[TRACE] 19:51:52 • [DependencyControl] Couldn't find config file 'G:\Aegisub Old\Aegisub 3.2.2\config\l0.FileOps.json'.
[TRACE] 19:51:52 • [DependencyControl] DependencyControl initialization took 0.377743 seconds so far...
[TRACE] 19:51:52 • [DependencyControl] DependencyControl initialization took 0.380376 seconds so far...
[TRACE] 19:51:52 • [DependencyControl] DependencyControl initialization took 0.382165 seconds so far...
[TRACE] 19:51:52 • [DependencyControl] DependencyControl initialization took 0.384185 seconds so far...
[TRACE] 19:51:52 • [DependencyControl] DependencyControl initialization took 0.386147 seconds so far...
[TRACE] 19:51:52 • [DependencyControl] DependencyControl initialization took 0.388070 seconds so far...
[TRACE] 19:51:52 • [DependencyControl] DependencyControl initialization took 0.502829 seconds so far...
[TRACE] 19:51:52 • [DependencyControl] DependencyControl initialization took 0.505050 seconds so far...
[TRACE] 19:51:52 • [DependencyControl] DependencyControl initialization took 0.506342 seconds so far...
[TRACE] 19:51:52 • [DependencyControl] DependencyControl initialization took 0.564074 seconds so far...
[TRACE] 19:51:52 • [DependencyControl] DependencyControl initialization took 0.565099 seconds so far...
[TRACE] 19:51:52 • [DependencyControl] DependencyControl initialization took 0.565278 seconds so far...
[HINT] 19:51:52 • [DependencyControl] Fetching required module 'a-mo.ShakeShapeHandler'...
[HINT] 19:51:52 • [DependencyControl] Starting download of module 'a-mo.ShakeShapeHandler'... 
[TRACE] 19:51:52 • [DependencyControl] Writing config file 'G:\Aegisub Old\Aegisub 3.2.2\config\l0.DependencyControl.json'...
[HINT] 19:51:52 • [DependencyControl] Trying 1 candidate feeds (normal mode)...
— [HINT] 19:51:52 • [DependencyControl] Checking feed 1/1 (https://raw.githubusercontent.com/TypesettingTools/Aegisub-Motion/DepCtrl/DependencyControl.json)...
— [TRACE] 19:51:54 • [DependencyControl] Downloaded feed to G:\Aegisub Old\Aegisub 3.2.2\feedDump\l0.UpdateFeed_3702.json.
[HINT] 19:51:54 • [DependencyControl] Checking requirements...
— [TRACE] 19:51:54 • [DependencyControl] DependencyControl initialization took 0.568917 seconds so far...
[HINT] 19:51:54 • [DependencyControl] Update ready. Using temporary directory 'C:\Users\asus\AppData\Local\Temp\\l0.DependencyControl_6B20'.
[TRACE] 19:51:54 • [DependencyControl] Skipped unchanged file 'a-mo/ShakeShapeHandler.moon'.
[HINT] 19:51:54 • [DependencyControl] Downloads complete. Now moving files to Aegisub automation directory 'G:\Aegisub Old\Aegisub 3.2.2\automation\include'...
[HINT] 19:51:54 • [DependencyControl] fetch of module 'a-mo.ShakeShapeHandler' succeeded, couldn't be located by the module loader.
[TRACE] 19:51:54 • [DependencyControl] Writing config file 'G:\Aegisub Old\Aegisub 3.2.2\config\l0.DependencyControl.json'...
[ERROR] 19:51:54 • [DependencyControl] Error: one or more of the modules required by DataWrapper could not be found on your system:
— a-mo.ShakeShapeHandler  (v1.0.1)
—— Reason: fetch of module 'a-mo.ShakeShapeHandler' succeeded, couldn't be located by the module loader.
nil
