[TRACE] 19:37:44 • [DependencyControl] Waiting for config file lock to be released (250 ms passed)... 
[TRACE] 19:37:44 • [DependencyControl] Lock was released after 250 ms.
[TRACE] 19:37:44 • [DependencyControl] Couldn't find config file 'G:\Aegisub Old\Light-Aegisub\Aegisub 3.2.2\config\l0.FileOps.json'.
[TRACE] 19:37:44 • [DependencyControl] DependencyControl initialization took 0.331589 seconds so far...
[TRACE] 19:37:44 • [DependencyControl] DependencyControl initialization took 0.333279 seconds so far...
[TRACE] 19:37:44 • [DependencyControl] DependencyControl initialization took 0.336336 seconds so far...
[TRACE] 19:37:44 • [DependencyControl] DependencyControl initialization took 0.337067 seconds so far...
[TRACE] 19:37:44 • [DependencyControl] DependencyControl initialization took 0.337858 seconds so far...
[TRACE] 19:37:44 • [DependencyControl] DependencyControl initialization took 0.338568 seconds so far...
[TRACE] 19:37:44 • [DependencyControl] Writing updated module data to config file...
[TRACE] 19:37:44 • [DependencyControl] Writing config file 'G:\Aegisub Old\Light-Aegisub\Aegisub 3.2.2\config\l0.DependencyControl.json'...
[TRACE] 19:37:44 • [DependencyControl] DependencyControl initialization took 0.589849 seconds so far...
[TRACE] 19:37:44 • [DependencyControl] DependencyControl initialization took 0.597709 seconds so far...
[TRACE] 19:37:44 • [DependencyControl] Writing updated module data to config file...
[TRACE] 19:37:44 • [DependencyControl] Writing config file 'G:\Aegisub Old\Light-Aegisub\Aegisub 3.2.2\config\l0.DependencyControl.json'...
[TRACE] 19:37:44 • [DependencyControl] DependencyControl initialization took 0.600501 seconds so far...
[TRACE] 19:37:45 • [DependencyControl] Writing updated module data to config file...
[TRACE] 19:37:45 • [DependencyControl] Writing config file 'G:\Aegisub Old\Light-Aegisub\Aegisub 3.2.2\config\l0.DependencyControl.json'...
[TRACE] 19:37:45 • [DependencyControl] DependencyControl initialization took 0.668012 seconds so far...
[TRACE] 19:37:45 • [DependencyControl] Writing updated module data to config file...
[TRACE] 19:37:45 • [DependencyControl] Writing config file 'G:\Aegisub Old\Light-Aegisub\Aegisub 3.2.2\config\l0.DependencyControl.json'...
[TRACE] 19:37:45 • [DependencyControl] DependencyControl initialization took 0.671484 seconds so far...
