[TRACE] 19:41:38 • [DependencyControl] Couldn't find config file 'G:\Aegisub Old\Light-Aegisub\Aegisub 3.2.2\config\l0.FileOps.json'.
[TRACE] 19:41:38 • [DependencyControl] DependencyControl initialization took 0.861119 seconds so far...
[TRACE] 19:41:38 • [DependencyControl] DependencyControl initialization took 0.873137 seconds so far...
[TRACE] 19:41:38 • [DependencyControl] DependencyControl initialization took 0.874480 seconds so far...
[TRACE] 19:41:38 • [DependencyControl] DependencyControl initialization took 0.875882 seconds so far...
[TRACE] 19:41:38 • [DependencyControl] DependencyControl initialization took 0.877799 seconds so far...
[TRACE] 19:41:38 • [DependencyControl] DependencyControl initialization took 0.881322 seconds so far...
[TRACE] 19:41:38 • [DependencyControl] DependencyControl initialization took 0.883066 seconds so far...
[TRACE] 19:41:38 • [DependencyControl] DependencyControl initialization took 0.884361 seconds so far...
[TRACE] 19:41:38 • [DependencyControl] DependencyControl initialization took 0.885633 seconds so far...
[TRACE] 19:41:38 • [DependencyControl] DependencyControl initialization took 0.887139 seconds so far...
[TRACE] 19:41:38 • [DependencyControl] DependencyControl initialization took 0.888574 seconds so far...
[TRACE] 19:41:38 • [DependencyControl] DependencyControl initialization took 0.890041 seconds so far...
[TRACE] 19:41:38 • [DependencyControl] DependencyControl initialization took 0.892280 seconds so far...
[TRACE] 19:41:38 • [DependencyControl] DependencyControl initialization took 0.893454 seconds so far...
[TRACE] 19:41:38 • [DependencyControl] DependencyControl initialization took 0.894950 seconds so far...
[TRACE] 19:41:38 • [DependencyControl] DependencyControl initialization took 0.896264 seconds so far...
[TRACE] 19:41:38 • [DependencyControl] DependencyControl initialization took 0.901010 seconds so far...
[TRACE] 19:41:38 • [DependencyControl] DependencyControl initialization took 0.902468 seconds so far...
[TRACE] 19:41:39 • [DependencyControl] DependencyControl initialization took 1.025805 seconds so far...
[TRACE] 19:41:39 • [DependencyControl] DependencyControl initialization took 1.026602 seconds so far...
[TRACE] 19:41:39 • [DependencyControl] DependencyControl initialization took 1.027492 seconds so far...
[TRACE] 19:41:39 • [DependencyControl] DependencyControl initialization took 1.028284 seconds so far...
[TRACE] 19:41:39 • [DependencyControl] DependencyControl initialization took 1.029180 seconds so far...
[TRACE] 19:41:39 • [DependencyControl] DependencyControl initialization took 1.030340 seconds so far...
[TRACE] 19:41:39 • [DependencyControl] DependencyControl initialization took 1.031872 seconds so far...
[TRACE] 19:41:39 • [DependencyControl] DependencyControl initialization took 1.032003 seconds so far...
[HINT] 19:41:39 • [DependencyControl] Fetching required module 'a-mo.MotionHandler'...
[HINT] 19:41:39 • [DependencyControl] Starting download of module 'a-mo.MotionHandler'... 
[TRACE] 19:41:39 • [DependencyControl] Writing config file 'G:\Aegisub Old\Light-Aegisub\Aegisub 3.2.2\config\l0.DependencyControl.json'...
[HINT] 19:41:39 • [DependencyControl] Trying 1 candidate feeds (normal mode)...
— [HINT] 19:41:39 • [DependencyControl] Checking feed 1/1 (https://raw.githubusercontent.com/TypesettingTools/Aegisub-Motion/DepCtrl/DependencyControl.json)...
— [TRACE] 19:41:41 • [DependencyControl] Downloaded feed to G:\Aegisub Old\Light-Aegisub\Aegisub 3.2.2\feedDump\l0.UpdateFeed_FB21.json.
[HINT] 19:41:41 • [DependencyControl] Checking requirements...
— [TRACE] 19:41:41 • [DependencyControl] DependencyControl initialization took 1.034941 seconds so far...
— [TRACE] 19:41:41 • [DependencyControl] DependencyControl initialization took 1.036350 seconds so far...
[HINT] 19:41:41 • [DependencyControl] Update ready. Using temporary directory 'C:\Users\asus\AppData\Local\Temp\\l0.DependencyControl_C474'.
[TRACE] 19:41:41 • [DependencyControl] Skipped unchanged file 'a-mo/MotionHandler.moon'.
[HINT] 19:41:41 • [DependencyControl] Downloads complete. Now moving files to Aegisub automation directory 'G:\Aegisub Old\Light-Aegisub\Aegisub 3.2.2\automation\include'...
[HINT] 19:41:41 • [DependencyControl] fetch of module 'a-mo.MotionHandler' succeeded, couldn't be located by the module loader.
[TRACE] 19:41:41 • [DependencyControl] DependencyControl initialization took 1.037867 seconds so far...
[TRACE] 19:41:41 • [DependencyControl] DependencyControl initialization took 1.039235 seconds so far...
[TRACE] 19:41:41 • [DependencyControl] Writing config file 'G:\Aegisub Old\Light-Aegisub\Aegisub 3.2.2\config\l0.DependencyControl.json'...
[TRACE] 19:41:41 • [DependencyControl] DependencyControl initialization took 1.043848 seconds so far...
[TRACE] 19:41:41 • [DependencyControl] DependencyControl initialization took 1.044921 seconds so far...
[ERROR] 19:41:41 • [DependencyControl] Error: one or more of the modules required by Aegisub-Motion could not be found on your system:
— a-mo.MotionHandler  (v1.1.7)
—— Reason: fetch of module 'a-mo.MotionHandler' succeeded, couldn't be located by the module loader.
nil
