[TRACE] 19:57:45 • [DependencyControl] Lock was released after 50 ms.
[TRACE] 19:57:45 • [DependencyControl] Couldn't find config file 'G:\Aegisub Old\Light-Aegisub\Aegisub 3.2.2\config\l0.FileOps.json'.
[TRACE] 19:57:45 • [DependencyControl] DependencyControl initialization took 0.224965 seconds so far...
[TRACE] 19:57:45 • [DependencyControl] DependencyControl initialization took 0.229650 seconds so far...
[TRACE] 19:57:45 • [DependencyControl] DependencyControl initialization took 0.239011 seconds so far...
[TRACE] 19:57:45 • [DependencyControl] DependencyControl initialization took 0.242082 seconds so far...
[TRACE] 19:57:45 • [DependencyControl] DependencyControl initialization took 0.245200 seconds so far...
[TRACE] 19:57:45 • [DependencyControl] DependencyControl initialization took 0.248174 seconds so far...
[TRACE] 19:57:45 • [DependencyControl] Writing updated module data to config file...
[TRACE] 19:57:45 • [DependencyControl] Writing config file 'G:\Aegisub Old\Light-Aegisub\Aegisub 3.2.2\config\l0.DependencyControl.json'...
[TRACE] 19:57:45 • [DependencyControl] DependencyControl initialization took 0.310224 seconds so far...
[TRACE] 19:57:45 • [DependencyControl] DependencyControl initialization took 0.319246 seconds so far...
[TRACE] 19:57:45 • [DependencyControl] Writing updated module data to config file...
[TRACE] 19:57:45 • [DependencyControl] Writing config file 'G:\Aegisub Old\Light-Aegisub\Aegisub 3.2.2\config\l0.DependencyControl.json'...
[TRACE] 19:57:45 • [DependencyControl] DependencyControl initialization took 0.322583 seconds so far...
[TRACE] 19:57:45 • [DependencyControl] Writing updated module data to config file...
[TRACE] 19:57:45 • [DependencyControl] Writing config file 'G:\Aegisub Old\Light-Aegisub\Aegisub 3.2.2\config\l0.DependencyControl.json'...
[TRACE] 19:57:45 • [DependencyControl] DependencyControl initialization took 0.331135 seconds so far...
[TRACE] 19:57:45 • [DependencyControl] Writing updated module data to config file...
[TRACE] 19:57:45 • [DependencyControl] Writing config file 'G:\Aegisub Old\Light-Aegisub\Aegisub 3.2.2\config\l0.DependencyControl.json'...
[TRACE] 19:57:45 • [DependencyControl] DependencyControl initialization took 0.333753 seconds so far...
