[TRACE] 19:57:45 • [DependencyControl] Waiting for config file lock to be released (250 ms passed)... 
[TRACE] 19:57:45 • [DependencyControl] Waiting for config file lock to be released (500 ms passed)... 
[TRACE] 19:57:45 • [DependencyControl] Lock was released after 500 ms.
[TRACE] 19:57:45 • [DependencyControl] Couldn't find config file 'G:\Aegisub Old\Light-Aegisub\Aegisub 3.2.2\config\l0.FileOps.json'.
[TRACE] 19:57:45 • [DependencyControl] DependencyControl initialization took 0.701994 seconds so far...
[TRACE] 19:57:45 • [DependencyControl] DependencyControl initialization took 0.703013 seconds so far...
[TRACE] 19:57:45 • [DependencyControl] DependencyControl initialization took 0.703905 seconds so far...
[TRACE] 19:57:45 • [DependencyControl] DependencyControl initialization took 0.704819 seconds so far...
[TRACE] 19:57:45 • [DependencyControl] DependencyControl initialization took 0.705785 seconds so far...
[TRACE] 19:57:45 • [DependencyControl] DependencyControl initialization took 0.706640 seconds so far...
[TRACE] 19:57:45 • [DependencyControl] Writing updated module data to config file...
[TRACE] 19:57:45 • [DependencyControl] Writing config file 'G:\Aegisub Old\Light-Aegisub\Aegisub 3.2.2\config\l0.DependencyControl.json'...
[TRACE] 19:57:45 • [DependencyControl] DependencyControl initialization took 0.710001 seconds so far...
[TRACE] 19:57:45 • [DependencyControl] Writing updated module data to config file...
[TRACE] 19:57:45 • [DependencyControl] Writing config file 'G:\Aegisub Old\Light-Aegisub\Aegisub 3.2.2\config\l0.DependencyControl.json'...
[TRACE] 19:57:45 • [DependencyControl] DependencyControl initialization took 0.712988 seconds so far...
[TRACE] 19:57:45 • [DependencyControl] DependencyControl initialization took 0.721137 seconds so far...
[TRACE] 19:57:45 • [DependencyControl] Writing updated module data to config file...
[TRACE] 19:57:45 • [DependencyControl] Writing config file 'G:\Aegisub Old\Light-Aegisub\Aegisub 3.2.2\config\l0.DependencyControl.json'...
[TRACE] 19:57:45 • [DependencyControl] DependencyControl initialization took 0.785941 seconds so far...
