[TRACE] 19:37:44 • [DependencyControl] Waiting for config file lock to be released (250 ms passed)... 
[TRACE] 19:37:44 • [DependencyControl] Lock was released after 350 ms.
[TRACE] 19:37:44 • [DependencyControl] Couldn't find config file 'G:\Aegisub Old\Light-Aegisub\Aegisub 3.2.2\config\l0.FileOps.json'.
[TRACE] 19:37:44 • [DependencyControl] DependencyControl initialization took 0.465760 seconds so far...
[TRACE] 19:37:44 • [DependencyControl] DependencyControl initialization took 0.466851 seconds so far...
[TRACE] 19:37:44 • [DependencyControl] DependencyControl initialization took 0.467735 seconds so far...
[TRACE] 19:37:44 • [DependencyControl] DependencyControl initialization took 0.468590 seconds so far...
[TRACE] 19:37:44 • [DependencyControl] DependencyControl initialization took 0.469557 seconds so far...
[TRACE] 19:37:44 • [DependencyControl] DependencyControl initialization took 0.470800 seconds so far...
[TRACE] 19:37:44 • [DependencyControl] Writing updated module data to config file...
[TRACE] 19:37:44 • [DependencyControl] Writing config file 'G:\Aegisub Old\Light-Aegisub\Aegisub 3.2.2\config\l0.DependencyControl.json'...
[TRACE] 19:37:44 • [DependencyControl] DependencyControl initialization took 0.475176 seconds so far...
[TRACE] 19:37:44 • [DependencyControl] DependencyControl initialization took 0.484652 seconds so far...
[TRACE] 19:37:44 • [DependencyControl] Writing updated module data to config file...
[TRACE] 19:37:44 • [DependencyControl] Writing config file 'G:\Aegisub Old\Light-Aegisub\Aegisub 3.2.2\config\l0.DependencyControl.json'...
[TRACE] 19:37:44 • [DependencyControl] DependencyControl initialization took 0.487980 seconds so far...
[TRACE] 19:37:44 • [DependencyControl] Writing updated module data to config file...
[TRACE] 19:37:44 • [DependencyControl] Writing config file 'G:\Aegisub Old\Light-Aegisub\Aegisub 3.2.2\config\l0.DependencyControl.json'...
[TRACE] 19:37:44 • [DependencyControl] DependencyControl initialization took 0.495725 seconds so far...
[TRACE] 19:37:45 • [DependencyControl] Writing updated module data to config file...
[TRACE] 19:37:45 • [DependencyControl] Writing config file 'G:\Aegisub Old\Light-Aegisub\Aegisub 3.2.2\config\l0.DependencyControl.json'...
[TRACE] 19:37:45 • [DependencyControl] DependencyControl initialization took 0.498292 seconds so far...
