[TRACE] 22:11:39 • [DependencyControl] Waiting for config file lock to be released (250 ms passed)... 
[TRACE] 22:11:39 • [DependencyControl] Waiting for config file lock to be released (500 ms passed)... 
[TRACE] 22:11:39 • [DependencyControl] Lock was released after 500 ms.
[TRACE] 22:11:39 • [DependencyControl] Couldn't find config file 'G:\Aegisub Old\Light-Aegisub\Aegisub 3.2.2\config\l0.FileOps.json'.
[TRACE] 22:11:39 • [DependencyControl] DependencyControl initialization took 0.878115 seconds so far...
[TRACE] 22:11:39 • [DependencyControl] DependencyControl initialization took 0.880169 seconds so far...
[TRACE] 22:11:39 • [DependencyControl] DependencyControl initialization took 0.881790 seconds so far...
[TRACE] 22:11:39 • [DependencyControl] DependencyControl initialization took 0.883824 seconds so far...
[TRACE] 22:11:39 • [DependencyControl] DependencyControl initialization took 0.888168 seconds so far...
[TRACE] 22:11:39 • [DependencyControl] DependencyControl initialization took 0.892800 seconds so far...
[TRACE] 22:11:39 • [DependencyControl] DependencyControl initialization took 1.519248 seconds so far...
[TRACE] 22:11:39 • [DependencyControl] DependencyControl initialization took 1.520242 seconds so far...
[TRACE] 22:11:39 • [DependencyControl] Writing updated module data to config file...
[TRACE] 22:11:39 • [DependencyControl] Writing config file 'G:\Aegisub Old\Light-Aegisub\Aegisub 3.2.2\config\l0.DependencyControl.json'...
[TRACE] 22:11:39 • [DependencyControl] DependencyControl initialization took 1.523217 seconds so far...
[TRACE] 22:11:40 • [DependencyControl] Writing updated module data to config file...
[TRACE] 22:11:40 • [DependencyControl] Writing config file 'G:\Aegisub Old\Light-Aegisub\Aegisub 3.2.2\config\l0.DependencyControl.json'...
[TRACE] 22:11:40 • [DependencyControl] DependencyControl initialization took 1.532549 seconds so far...
[TRACE] 22:11:40 • [DependencyControl] Writing updated module data to config file...
[TRACE] 22:11:40 • [DependencyControl] Writing config file 'G:\Aegisub Old\Light-Aegisub\Aegisub 3.2.2\config\l0.DependencyControl.json'...
[TRACE] 22:11:40 • [DependencyControl] DependencyControl initialization took 1.535712 seconds so far...
