[TRACE] 19:53:17 • [DependencyControl] Waiting for config file lock to be released (250 ms passed)... 
[TRACE] 19:53:18 • [DependencyControl] Waiting for config file lock to be released (500 ms passed)... 
[TRACE] 19:53:18 • [DependencyControl] Waiting for config file lock to be released (750 ms passed)... 
[TRACE] 19:53:18 • [DependencyControl] Lock was released after 850 ms.
[TRACE] 19:53:18 • [DependencyControl] Couldn't find config file 'G:\Aegisub Old\Aegisub 3.2.2\config\l0.FileOps.json'.
[TRACE] 19:53:18 • [DependencyControl] DependencyControl initialization took 1.301625 seconds so far...
[TRACE] 19:53:18 • [DependencyControl] DependencyControl initialization took 1.356562 seconds so far...
[TRACE] 19:53:18 • [DependencyControl] DependencyControl initialization took 1.420487 seconds so far...
[TRACE] 19:53:18 • [DependencyControl] DependencyControl initialization took 1.421440 seconds so far...
[TRACE] 19:53:18 • [DependencyControl] DependencyControl initialization took 1.422396 seconds so far...
[TRACE] 19:53:18 • [DependencyControl] DependencyControl initialization took 1.423367 seconds so far...
[TRACE] 19:53:18 • [DependencyControl] Writing updated module data to config file...
[TRACE] 19:53:18 • [DependencyControl] Writing config file 'G:\Aegisub Old\Aegisub 3.2.2\config\l0.DependencyControl.json'...
[TRACE] 19:53:18 • [DependencyControl] DependencyControl initialization took 1.426799 seconds so far...
[TRACE] 19:53:18 • [DependencyControl] DependencyControl initialization took 1.434162 seconds so far...
[TRACE] 19:53:18 • [DependencyControl] Writing updated module data to config file...
[TRACE] 19:53:18 • [DependencyControl] Writing config file 'G:\Aegisub Old\Aegisub 3.2.2\config\l0.DependencyControl.json'...
[TRACE] 19:53:18 • [DependencyControl] DependencyControl initialization took 1.438569 seconds so far...
[TRACE] 19:53:18 • [DependencyControl] Writing updated module data to config file...
[TRACE] 19:53:18 • [DependencyControl] Writing config file 'G:\Aegisub Old\Aegisub 3.2.2\config\l0.DependencyControl.json'...
[TRACE] 19:53:18 • [DependencyControl] DependencyControl initialization took 1.445905 seconds so far...
[TRACE] 19:53:19 • [DependencyControl] Writing updated module data to config file...
[TRACE] 19:53:19 • [DependencyControl] Writing config file 'G:\Aegisub Old\Aegisub 3.2.2\config\l0.DependencyControl.json'...
[TRACE] 19:53:19 • [DependencyControl] DependencyControl initialization took 1.450333 seconds so far...
