[TRACE] 19:41:15 • [DependencyControl] Couldn't find config file 'G:\Aegisub Old\Light-Aegisub\Aegisub 3.2.2\config\l0.FileOps.json'.
[TRACE] 19:41:15 • [DependencyControl] DependencyControl initialization took 0.271542 seconds so far...
[TRACE] 19:41:15 • [DependencyControl] DependencyControl initialization took 0.397535 seconds so far...
[TRACE] 19:41:15 • [DependencyControl] DependencyControl initialization took 0.398228 seconds so far...
[TRACE] 19:41:15 • [DependencyControl] DependencyControl initialization took 0.398908 seconds so far...
[TRACE] 19:41:15 • [DependencyControl] DependencyControl initialization took 0.399605 seconds so far...
[TRACE] 19:41:15 • [DependencyControl] DependencyControl initialization took 0.400399 seconds so far...
[TRACE] 19:41:15 • [DependencyControl] DependencyControl initialization took 0.401136 seconds so far...
[TRACE] 19:41:15 • [DependencyControl] DependencyControl initialization took 0.586724 seconds so far...
[TRACE] 19:41:15 • [DependencyControl] DependencyControl initialization took 0.588224 seconds so far...
[TRACE] 19:41:15 • [DependencyControl] DependencyControl initialization took 0.590385 seconds so far...
[TRACE] 19:41:15 • [DependencyControl] DependencyControl initialization took 0.591908 seconds so far...
[TRACE] 19:41:15 • [DependencyControl] DependencyControl initialization took 0.593408 seconds so far...
[TRACE] 19:41:15 • [DependencyControl] DependencyControl initialization took 0.594336 seconds so far...
[TRACE] 19:41:15 • [DependencyControl] DependencyControl initialization took 0.595435 seconds so far...
[TRACE] 19:41:15 • [DependencyControl] DependencyControl initialization took 0.596238 seconds so far...
[TRACE] 19:41:15 • [DependencyControl] DependencyControl initialization took 0.596908 seconds so far...
[TRACE] 19:41:15 • [DependencyControl] DependencyControl initialization took 0.598123 seconds so far...
[TRACE] 19:41:15 • [DependencyControl] DependencyControl initialization took 0.599270 seconds so far...
[TRACE] 19:41:15 • [DependencyControl] DependencyControl initialization took 0.599991 seconds so far...
[TRACE] 19:41:15 • [DependencyControl] DependencyControl initialization took 0.600660 seconds so far...
[TRACE] 19:41:15 • [DependencyControl] DependencyControl initialization took 0.607870 seconds so far...
[TRACE] 19:41:15 • [DependencyControl] DependencyControl initialization took 0.608547 seconds so far...
[TRACE] 19:41:15 • [DependencyControl] DependencyControl initialization took 0.609230 seconds so far...
[TRACE] 19:41:15 • [DependencyControl] DependencyControl initialization took 0.609952 seconds so far...
[TRACE] 19:41:15 • [DependencyControl] DependencyControl initialization took 0.610681 seconds so far...
[TRACE] 19:41:15 • [DependencyControl] DependencyControl initialization took 0.610788 seconds so far...
[HINT] 19:41:15 • [DependencyControl] Fetching required module 'a-mo.MotionHandler'...
[HINT] 19:41:15 • [DependencyControl] Starting download of module 'a-mo.MotionHandler'... 
[TRACE] 19:41:15 • [DependencyControl] Waiting for config file lock to be released (250 ms passed)... 
[TRACE] 19:41:16 • [DependencyControl] Lock was released after 350 ms.
[TRACE] 19:41:16 • [DependencyControl] Writing config file 'G:\Aegisub Old\Light-Aegisub\Aegisub 3.2.2\config\l0.DependencyControl.json'...
[HINT] 19:41:16 • [DependencyControl] Trying 1 candidate feeds (normal mode)...
— [HINT] 19:41:16 • [DependencyControl] Checking feed 1/1 (https://raw.githubusercontent.com/TypesettingTools/Aegisub-Motion/DepCtrl/DependencyControl.json)...
— [TRACE] 19:41:18 • [DependencyControl] Downloaded feed to G:\Aegisub Old\Light-Aegisub\Aegisub 3.2.2\feedDump\l0.UpdateFeed_D643.json.
[HINT] 19:41:18 • [DependencyControl] Checking requirements...
— [TRACE] 19:41:18 • [DependencyControl] DependencyControl initialization took 0.611644 seconds so far...
— [TRACE] 19:41:18 • [DependencyControl] DependencyControl initialization took 0.612630 seconds so far...
[HINT] 19:41:18 • [DependencyControl] Update ready. Using temporary directory 'C:\Users\asus\AppData\Local\Temp\\l0.DependencyControl_8662'.
[TRACE] 19:41:18 • [DependencyControl] Skipped unchanged file 'a-mo/MotionHandler.moon'.
[HINT] 19:41:18 • [DependencyControl] Downloads complete. Now moving files to Aegisub automation directory 'G:\Aegisub Old\Light-Aegisub\Aegisub 3.2.2\automation\include'...
[HINT] 19:41:18 • [DependencyControl] fetch of module 'a-mo.MotionHandler' succeeded, couldn't be located by the module loader.
[TRACE] 19:41:18 • [DependencyControl] DependencyControl initialization took 0.613443 seconds so far...
[TRACE] 19:41:18 • [DependencyControl] DependencyControl initialization took 0.614194 seconds so far...
[TRACE] 19:41:18 • [DependencyControl] Writing config file 'G:\Aegisub Old\Light-Aegisub\Aegisub 3.2.2\config\l0.DependencyControl.json'...
[TRACE] 19:41:18 • [DependencyControl] DependencyControl initialization took 0.617399 seconds so far...
[TRACE] 19:41:18 • [DependencyControl] DependencyControl initialization took 0.618168 seconds so far...
[ERROR] 19:41:18 • [DependencyControl] Error: one or more of the modules required by Aegisub-Motion could not be found on your system:
— a-mo.MotionHandler  (v1.1.7)
—— Reason: fetch of module 'a-mo.MotionHandler' succeeded, couldn't be located by the module loader.
nil
