[TRACE] 19:49:07 • [DependencyControl] Couldn't find config file 'G:\Aegisub Old\Aegisub 3.2.2\config\l0.FileOps.json'.
[TRACE] 19:49:07 • [DependencyControl] DependencyControl initialization took 0.156784 seconds so far...
[TRACE] 19:49:07 • [DependencyControl] DependencyControl initialization took 0.160238 seconds so far...
[TRACE] 19:49:07 • [DependencyControl] DependencyControl initialization took 0.162402 seconds so far...
[TRACE] 19:49:07 • [DependencyControl] DependencyControl initialization took 0.163423 seconds so far...
[TRACE] 19:49:07 • [DependencyControl] DependencyControl initialization took 0.164573 seconds so far...
[TRACE] 19:49:07 • [DependencyControl] DependencyControl initialization took 0.165681 seconds so far...
[TRACE] 19:49:08 • [DependencyControl] DependencyControl initialization took 0.534479 seconds so far...
[TRACE] 19:49:08 • [DependencyControl] DependencyControl initialization took 0.536056 seconds so far...
[TRACE] 19:49:08 • [DependencyControl] DependencyControl initialization took 0.537247 seconds so far...
[TRACE] 19:49:08 • [DependencyControl] DependencyControl initialization took 0.538522 seconds so far...
[TRACE] 19:49:08 • [DependencyControl] DependencyControl initialization took 0.539663 seconds so far...
[TRACE] 19:49:08 • [DependencyControl] DependencyControl initialization took 0.540957 seconds so far...
[TRACE] 19:49:08 • [DependencyControl] DependencyControl initialization took 0.541114 seconds so far...
[HINT] 19:49:08 • [DependencyControl] Fetching required module 'a-mo.ShakeShapeHandler'...
[HINT] 19:49:08 • [DependencyControl] Starting download of module 'a-mo.ShakeShapeHandler'... 
[TRACE] 19:49:08 • [DependencyControl] Writing config file 'G:\Aegisub Old\Aegisub 3.2.2\config\l0.DependencyControl.json'...
[HINT] 19:49:08 • [DependencyControl] Trying 1 candidate feeds (normal mode)...
— [HINT] 19:49:08 • [DependencyControl] Checking feed 1/1 (https://raw.githubusercontent.com/TypesettingTools/Aegisub-Motion/DepCtrl/DependencyControl.json)...
— [TRACE] 19:49:10 • [DependencyControl] Downloaded feed to G:\Aegisub Old\Aegisub 3.2.2\feedDump\l0.UpdateFeed_8582.json.
[HINT] 19:49:10 • [DependencyControl] Checking requirements...
— [TRACE] 19:49:10 • [DependencyControl] DependencyControl initialization took 0.544131 seconds so far...
[HINT] 19:49:10 • [DependencyControl] Update ready. Using temporary directory 'C:\Users\asus\AppData\Local\Temp\\l0.DependencyControl_B809'.
[TRACE] 19:49:10 • [DependencyControl] Skipped unchanged file 'a-mo/ShakeShapeHandler.moon'.
[HINT] 19:49:10 • [DependencyControl] Downloads complete. Now moving files to Aegisub automation directory 'G:\Aegisub Old\Aegisub 3.2.2\automation\include'...
[HINT] 19:49:10 • [DependencyControl] fetch of module 'a-mo.ShakeShapeHandler' succeeded, couldn't be located by the module loader.
[TRACE] 19:49:10 • [DependencyControl] Writing config file 'G:\Aegisub Old\Aegisub 3.2.2\config\l0.DependencyControl.json'...
[ERROR] 19:49:10 • [DependencyControl] Error: one or more of the modules required by DataWrapper could not be found on your system:
— a-mo.ShakeShapeHandler  (v1.0.1)
—— Reason: fetch of module 'a-mo.ShakeShapeHandler' succeeded, couldn't be located by the module loader.
nil
[TRACE] 19:49:10 • [DependencyControl] DependencyControl initialization took 0.545871 seconds so far...
[TRACE] 19:49:10 • [DependencyControl] DependencyControl initialization took 0.546687 seconds so far...
[TRACE] 19:49:10 • [DependencyControl] DependencyControl initialization took 0.547820 seconds so far...
[TRACE] 19:49:10 • [DependencyControl] DependencyControl initialization took 0.548644 seconds so far...
[TRACE] 19:49:10 • [DependencyControl] DependencyControl initialization took 0.549605 seconds so far...
[TRACE] 19:49:10 • [DependencyControl] DependencyControl initialization took 0.550543 seconds so far...
[TRACE] 19:49:10 • [DependencyControl] DependencyControl initialization took 0.552357 seconds so far...
[TRACE] 19:49:10 • [DependencyControl] DependencyControl initialization took 0.617861 seconds so far...
[TRACE] 19:49:10 • [DependencyControl] DependencyControl initialization took 0.619878 seconds so far...
[TRACE] 19:49:10 • [DependencyControl] DependencyControl initialization took 0.620714 seconds so far...
[TRACE] 19:49:10 • [DependencyControl] DependencyControl initialization took 0.621565 seconds so far...
[TRACE] 19:49:10 • [DependencyControl] DependencyControl initialization took 0.621862 seconds so far...
[HINT] 19:49:10 • [DependencyControl] Fetching required module 'a-mo.MotionHandler'...
[HINT] 19:49:10 • [DependencyControl] Starting download of module 'a-mo.MotionHandler'... 
[TRACE] 19:49:10 • [DependencyControl] Writing config file 'G:\Aegisub Old\Aegisub 3.2.2\config\l0.DependencyControl.json'...
[HINT] 19:49:10 • [DependencyControl] Trying 1 candidate feeds (normal mode)...
— [HINT] 19:49:10 • [DependencyControl] Checking feed 1/1 (https://raw.githubusercontent.com/TypesettingTools/Aegisub-Motion/DepCtrl/DependencyControl.json)...
— [TRACE] 19:49:10 • [DependencyControl] Using cached feed.
[HINT] 19:49:10 • [DependencyControl] Checking requirements...
— [TRACE] 19:49:10 • [DependencyControl] DependencyControl initialization took 0.630843 seconds so far...
— [TRACE] 19:49:10 • [DependencyControl] DependencyControl initialization took 0.631666 seconds so far...
[HINT] 19:49:10 • [DependencyControl] Update ready. Using temporary directory 'C:\Users\asus\AppData\Local\Temp\\l0.DependencyControl_C01A'.
[TRACE] 19:49:10 • [DependencyControl] Skipped unchanged file 'a-mo/MotionHandler.moon'.
[HINT] 19:49:10 • [DependencyControl] Downloads complete. Now moving files to Aegisub automation directory 'G:\Aegisub Old\Aegisub 3.2.2\automation\include'...
[HINT] 19:49:10 • [DependencyControl] fetch of module 'a-mo.MotionHandler' succeeded, couldn't be located by the module loader.
[TRACE] 19:49:10 • [DependencyControl] DependencyControl initialization took 0.632702 seconds so far...
[TRACE] 19:49:10 • [DependencyControl] DependencyControl initialization took 0.633818 seconds so far...
[TRACE] 19:49:10 • [DependencyControl] Writing config file 'G:\Aegisub Old\Aegisub 3.2.2\config\l0.DependencyControl.json'...
[TRACE] 19:49:10 • [DependencyControl] DependencyControl initialization took 0.692209 seconds so far...
[TRACE] 19:49:10 • [DependencyControl] DependencyControl initialization took 0.693192 seconds so far...
[ERROR] 19:49:10 • [DependencyControl] Error in required module a-mo.DataWrapper:
[string "G:/Aegisub Old\Aegisub 3.2.2\automation\inclu..."]:61: Error: [DependencyControl] Error:  one or more of the modules required by DataWrapper could not be found on your system: 
— a-mo.ShakeShapeHandler  (v1.0.1)
—— Reason:  fetch of module 'a-mo.ShakeShapeHandler' succeeded, couldn't be located by the module loader.
nil
stack traceback:
	[C]: in function 'assert'
	[string "G:/Aegisub Old\Aegisub 3.2.2\automation\inclu..."]:61: in function 'error'
	[string "G:/Aegisub Old\Aegisub 3.2.2\automation\inclu..."]:317: in function 'requireModules'
	[string "G:/Aegisub Old\Aegisub 3.2.2\automation\inclu..."]:28: in main chunk
	[C]: at 0x7ff667f25f70
	[C]: in function 'xpcall'
	[string "G:/Aegisub Old\Aegisub 3.2.2\automation\inclu..."]:286: in function 'loadModule'
	[string "G:/Aegisub Old\Aegisub 3.2.2\automation\inclu..."]:353: in function 'loadModules'
	[string "G:/Aegisub Old\Aegisub 3.2.2\automation\inclu..."]:313: in function 'requireModules'
	[string "G:/Aegisub Old\Aegisub 3.2.2\automation\autol..."]:51: in main chunk

Error: one or more of the modules required by Aegisub-Motion could not be found on your system:
— a-mo.MotionHandler  (v1.1.7)
—— Reason: fetch of module 'a-mo.MotionHandler' succeeded, couldn't be located by the module loader.
nil
