[TRACE] 19:33:12 • [DependencyControl] Couldn't find config file 'E:\Project\Aegisub\Light-Aegisub\Aegisub 3.2.2\config\l0.FileOps.json'.
[TRACE] 19:33:12 • [DependencyControl] DependencyControl initialization took 0.396759 seconds so far...
[TRACE] 19:33:12 • [DependencyControl] DependencyControl initialization took 0.398487 seconds so far...
[TRACE] 19:33:12 • [DependencyControl] DependencyControl initialization took 0.400037 seconds so far...
[TRACE] 19:33:12 • [DependencyControl] DependencyControl initialization took 0.402263 seconds so far...
[TRACE] 19:33:13 • [DependencyControl] DependencyControl initialization took 0.524859 seconds so far...
[TRACE] 19:33:13 • [DependencyControl] DependencyControl initialization took 0.526126 seconds so far...
[TRACE] 19:33:13 • [DependencyControl] DependencyControl initialization took 0.527587 seconds so far...
[TRACE] 19:33:13 • [DependencyControl] DependencyControl initialization took 0.588539 seconds so far...
[TRACE] 19:33:13 • [DependencyControl] DependencyControl initialization took 0.590286 seconds so far...
[TRACE] 19:33:13 • [DependencyControl] DependencyControl initialization took 0.955283 seconds so far...
[TRACE] 19:33:13 • [DependencyControl] DependencyControl initialization took 0.957301 seconds so far...
[TRACE] 19:33:13 • [DependencyControl] Writing config file 'E:\Project\Aegisub\Light-Aegisub\Aegisub 3.2.2\config\l0.DependencyControl.json'...
[TRACE] 19:33:13 • [DependencyControl] Running scheduled update for module 'DataHandler'...
[HINT] 19:33:13 • [DependencyControl] Starting update of module 'DataHandler'... 
[HINT] 19:33:13 • [DependencyControl] Skipped update of module 'DataHandler': Another update initiated by lyger.GradientByChar is already running.
[TRACE] 19:33:13 • [DependencyControl] DependencyControl initialization took 1.083007 seconds so far...
[TRACE] 19:33:13 • [DependencyControl] DependencyControl initialization took 1.150337 seconds so far...
[TRACE] 19:33:13 • [DependencyControl] Writing config file 'E:\Project\Aegisub\Light-Aegisub\Aegisub 3.2.2\config\l0.DependencyControl.json'...
[TRACE] 19:33:13 • [DependencyControl] Running scheduled update for module 'ShakeShapeHandler'...
[HINT] 19:33:13 • [DependencyControl] Starting update of module 'ShakeShapeHandler'... 
[HINT] 19:33:13 • [DependencyControl] Skipped update of module 'ShakeShapeHandler': Another update initiated by lyger.GradientByChar is already running.
[TRACE] 19:33:13 • [DependencyControl] DependencyControl initialization took 1.151449 seconds so far...
[TRACE] 19:33:13 • [DependencyControl] DependencyControl initialization took 1.152641 seconds so far...
[TRACE] 19:33:13 • [DependencyControl] DependencyControl initialization took 1.215152 seconds so far...
[TRACE] 19:33:13 • [DependencyControl] DependencyControl initialization took 1.218537 seconds so far...
[TRACE] 19:33:13 • [DependencyControl] DependencyControl initialization took 1.220144 seconds so far...
[TRACE] 19:33:13 • [DependencyControl] DependencyControl initialization took 1.221403 seconds so far...
[TRACE] 19:33:13 • [DependencyControl] DependencyControl initialization took 1.223690 seconds so far...
[TRACE] 19:33:13 • [DependencyControl] DependencyControl initialization took 1.226780 seconds so far...
[TRACE] 19:33:13 • [DependencyControl] DependencyControl initialization took 1.228158 seconds so far...
[TRACE] 19:33:13 • [DependencyControl] Writing config file 'E:\Project\Aegisub\Light-Aegisub\Aegisub 3.2.2\config\l0.DependencyControl.json'...
[TRACE] 19:33:13 • [DependencyControl] Running scheduled update for module 'Tags'...
[HINT] 19:33:13 • [DependencyControl] Starting update of module 'Tags'... 
[HINT] 19:33:13 • [DependencyControl] Skipped update of module 'Tags': Another update initiated by lyger.GradientByChar is already running.
[TRACE] 19:33:13 • [DependencyControl] Writing config file 'E:\Project\Aegisub\Light-Aegisub\Aegisub 3.2.2\config\l0.DependencyControl.json'...
[TRACE] 19:33:13 • [DependencyControl] Running scheduled update for module 'Transform'...
[HINT] 19:33:13 • [DependencyControl] Starting update of module 'Transform'... 
[HINT] 19:33:13 • [DependencyControl] Skipped update of module 'Transform': Another update initiated by lyger.GradientByChar is already running.
[TRACE] 19:33:14 • [DependencyControl] Writing config file 'E:\Project\Aegisub\Light-Aegisub\Aegisub 3.2.2\config\l0.DependencyControl.json'...
[TRACE] 19:33:14 • [DependencyControl] Running scheduled update for module 'Line'...
[HINT] 19:33:14 • [DependencyControl] Starting update of module 'Line'... 
[HINT] 19:33:14 • [DependencyControl] Skipped update of module 'Line': Another update initiated by lyger.GradientByChar is already running.
[TRACE] 19:33:14 • [DependencyControl] DependencyControl initialization took 1.315742 seconds so far...
[TRACE] 19:33:14 • [DependencyControl] DependencyControl initialization took 1.317478 seconds so far...
[TRACE] 19:33:14 • [DependencyControl] Writing config file 'E:\Project\Aegisub\Light-Aegisub\Aegisub 3.2.2\config\l0.DependencyControl.json'...
[TRACE] 19:33:14 • [DependencyControl] Running scheduled update for module 'LineCollection'...
[HINT] 19:33:14 • [DependencyControl] Starting update of module 'LineCollection'... 
[HINT] 19:33:14 • [DependencyControl] Skipped update of module 'LineCollection': Another update initiated by phos.TimingAssistant is already running.
[TRACE] 19:33:14 • [DependencyControl] DependencyControl initialization took 1.319066 seconds so far...
[TRACE] 19:33:14 • [DependencyControl] DependencyControl initialization took 1.319934 seconds so far...
[TRACE] 19:33:14 • [DependencyControl] DependencyControl initialization took 1.320714 seconds so far...
[TRACE] 19:33:14 • [DependencyControl] DependencyControl initialization took 1.322098 seconds so far...
[TRACE] 19:33:14 • [DependencyControl] DependencyControl initialization took 1.377116 seconds so far...
