[TRACE] 19:48:36 • [DependencyControl] Couldn't find config file 'G:\Aegisub Old\Aegisub 3.2.2\config\l0.FileOps.json'.
[TRACE] 19:48:36 • [DependencyControl] DependencyControl initialization took 0.173693 seconds so far...
[TRACE] 19:48:36 • [DependencyControl] DependencyControl initialization took 0.179542 seconds so far...
[TRACE] 19:48:36 • [DependencyControl] DependencyControl initialization took 0.185130 seconds so far...
[TRACE] 19:48:36 • [DependencyControl] DependencyControl initialization took 0.187742 seconds so far...
[TRACE] 19:48:36 • [DependencyControl] DependencyControl initialization took 0.190234 seconds so far...
[TRACE] 19:48:36 • [DependencyControl] DependencyControl initialization took 0.811183 seconds so far...
[TRACE] 19:48:36 • [DependencyControl] DependencyControl initialization took 0.812335 seconds so far...
[TRACE] 19:48:36 • [DependencyControl] DependencyControl initialization took 0.813803 seconds so far...
[TRACE] 19:48:36 • [DependencyControl] DependencyControl initialization took 0.814837 seconds so far...
[TRACE] 19:48:36 • [DependencyControl] DependencyControl initialization took 0.815855 seconds so far...
[TRACE] 19:48:36 • [DependencyControl] DependencyControl initialization took 0.816838 seconds so far...
[TRACE] 19:48:36 • [DependencyControl] DependencyControl initialization took 0.817830 seconds so far...
[TRACE] 19:48:36 • [DependencyControl] DependencyControl initialization took 0.818120 seconds so far...
[HINT] 19:48:36 • [DependencyControl] Fetching required module 'a-mo.ShakeShapeHandler'...
[HINT] 19:48:36 • [DependencyControl] Starting download of module 'a-mo.ShakeShapeHandler'... 
[TRACE] 19:48:36 • [DependencyControl] Writing config file 'G:\Aegisub Old\Aegisub 3.2.2\config\l0.DependencyControl.json'...
[HINT] 19:48:36 • [DependencyControl] Trying 1 candidate feeds (normal mode)...
— [HINT] 19:48:36 • [DependencyControl] Checking feed 1/1 (https://raw.githubusercontent.com/TypesettingTools/Aegisub-Motion/DepCtrl/DependencyControl.json)...
— [TRACE] 19:48:38 • [DependencyControl] Downloaded feed to G:\Aegisub Old\Aegisub 3.2.2\feedDump\l0.UpdateFeed_270D.json.
[HINT] 19:48:38 • [DependencyControl] Checking requirements...
— [TRACE] 19:48:38 • [DependencyControl] DependencyControl initialization took 0.820411 seconds so far...
[HINT] 19:48:38 • [DependencyControl] Update ready. Using temporary directory 'C:\Users\asus\AppData\Local\Temp\\l0.DependencyControl_8A4B'.
[TRACE] 19:48:38 • [DependencyControl] Skipped unchanged file 'a-mo/ShakeShapeHandler.moon'.
[HINT] 19:48:38 • [DependencyControl] Downloads complete. Now moving files to Aegisub automation directory 'G:\Aegisub Old\Aegisub 3.2.2\automation\include'...
[HINT] 19:48:38 • [DependencyControl] fetch of module 'a-mo.ShakeShapeHandler' succeeded, couldn't be located by the module loader.
[TRACE] 19:48:38 • [DependencyControl] Writing config file 'G:\Aegisub Old\Aegisub 3.2.2\config\l0.DependencyControl.json'...
[ERROR] 19:48:38 • [DependencyControl] Error: one or more of the modules required by DataWrapper could not be found on your system:
— a-mo.ShakeShapeHandler  (v1.0.1)
—— Reason: fetch of module 'a-mo.ShakeShapeHandler' succeeded, couldn't be located by the module loader.
nil
[TRACE] 19:48:38 • [DependencyControl] DependencyControl initialization took 0.821905 seconds so far...
[TRACE] 19:48:38 • [DependencyControl] DependencyControl initialization took 0.823112 seconds so far...
[TRACE] 19:48:38 • [DependencyControl] DependencyControl initialization took 0.824124 seconds so far...
[TRACE] 19:48:38 • [DependencyControl] DependencyControl initialization took 0.825059 seconds so far...
[TRACE] 19:48:38 • [DependencyControl] DependencyControl initialization took 0.826075 seconds so far...
[TRACE] 19:48:38 • [DependencyControl] DependencyControl initialization took 0.826838 seconds so far...
[TRACE] 19:48:38 • [DependencyControl] DependencyControl initialization took 0.827700 seconds so far...
[TRACE] 19:48:38 • [DependencyControl] DependencyControl initialization took 0.828474 seconds so far...
[TRACE] 19:48:38 • [DependencyControl] DependencyControl initialization took 0.829322 seconds so far...
[TRACE] 19:48:38 • [DependencyControl] DependencyControl initialization took 0.830454 seconds so far...
[TRACE] 19:48:38 • [DependencyControl] DependencyControl initialization took 0.832381 seconds so far...
[TRACE] 19:48:38 • [DependencyControl] DependencyControl initialization took 0.832542 seconds so far...
[HINT] 19:48:38 • [DependencyControl] Fetching required module 'a-mo.MotionHandler'...
[HINT] 19:48:38 • [DependencyControl] Starting download of module 'a-mo.MotionHandler'... 
[TRACE] 19:48:38 • [DependencyControl] Writing config file 'G:\Aegisub Old\Aegisub 3.2.2\config\l0.DependencyControl.json'...
[HINT] 19:48:38 • [DependencyControl] Trying 1 candidate feeds (normal mode)...
— [HINT] 19:48:38 • [DependencyControl] Checking feed 1/1 (https://raw.githubusercontent.com/TypesettingTools/Aegisub-Motion/DepCtrl/DependencyControl.json)...
— [TRACE] 19:48:38 • [DependencyControl] Using cached feed.
[HINT] 19:48:38 • [DependencyControl] Checking requirements...
— [TRACE] 19:48:38 • [DependencyControl] DependencyControl initialization took 0.839077 seconds so far...
— [TRACE] 19:48:38 • [DependencyControl] DependencyControl initialization took 0.840098 seconds so far...
[HINT] 19:48:38 • [DependencyControl] Update ready. Using temporary directory 'C:\Users\asus\AppData\Local\Temp\\l0.DependencyControl_3ADA'.
[TRACE] 19:48:38 • [DependencyControl] Skipped unchanged file 'a-mo/MotionHandler.moon'.
[HINT] 19:48:38 • [DependencyControl] Downloads complete. Now moving files to Aegisub automation directory 'G:\Aegisub Old\Aegisub 3.2.2\automation\include'...
[HINT] 19:48:38 • [DependencyControl] fetch of module 'a-mo.MotionHandler' succeeded, couldn't be located by the module loader.
[TRACE] 19:48:38 • [DependencyControl] DependencyControl initialization took 0.841215 seconds so far...
[TRACE] 19:48:38 • [DependencyControl] DependencyControl initialization took 0.842003 seconds so far...
[TRACE] 19:48:38 • [DependencyControl] Writing config file 'G:\Aegisub Old\Aegisub 3.2.2\config\l0.DependencyControl.json'...
[TRACE] 19:48:38 • [DependencyControl] DependencyControl initialization took 0.843844 seconds so far...
[TRACE] 19:48:38 • [DependencyControl] DependencyControl initialization took 0.844650 seconds so far...
[ERROR] 19:48:38 • [DependencyControl] Error in required module a-mo.DataWrapper:
[string "G:/Aegisub Old\Aegisub 3.2.2\automation\inclu..."]:61: Error: [DependencyControl] Error:  one or more of the modules required by DataWrapper could not be found on your system: 
— a-mo.ShakeShapeHandler  (v1.0.1)
—— Reason:  fetch of module 'a-mo.ShakeShapeHandler' succeeded, couldn't be located by the module loader.
nil
stack traceback:
	[C]: in function 'assert'
	[string "G:/Aegisub Old\Aegisub 3.2.2\automation\inclu..."]:61: in function 'error'
	[string "G:/Aegisub Old\Aegisub 3.2.2\automation\inclu..."]:317: in function 'requireModules'
	[string "G:/Aegisub Old\Aegisub 3.2.2\automation\inclu..."]:28: in main chunk
	[C]: at 0x7ff667f25f70
	[C]: in function 'xpcall'
	[string "G:/Aegisub Old\Aegisub 3.2.2\automation\inclu..."]:286: in function 'loadModule'
	[string "G:/Aegisub Old\Aegisub 3.2.2\automation\inclu..."]:353: in function 'loadModules'
	[string "G:/Aegisub Old\Aegisub 3.2.2\automation\inclu..."]:313: in function 'requireModules'
	[string "G:/Aegisub Old\Aegisub 3.2.2\automation\autol..."]:51: in main chunk

Error: one or more of the modules required by Aegisub-Motion could not be found on your system:
— a-mo.MotionHandler  (v1.1.7)
—— Reason: fetch of module 'a-mo.MotionHandler' succeeded, couldn't be located by the module loader.
nil
