[TRACE] 20:37:55 • [DependencyControl] Waiting for config file lock to be released (250 ms passed)... 
[TRACE] 20:37:55 • [DependencyControl] Waiting for config file lock to be released (500 ms passed)... 
[TRACE] 20:37:55 • [DependencyControl] Lock was released after 500 ms.
[TRACE] 20:37:55 • [DependencyControl] Couldn't find config file 'G:\Aegisub Old\Light-Aegisub\Aegisub 3.2.2\config\l0.FileOps.json'.
[TRACE] 20:37:55 • [DependencyControl] DependencyControl initialization took 0.832317 seconds so far...
[TRACE] 20:37:55 • [DependencyControl] DependencyControl initialization took 0.833245 seconds so far...
[TRACE] 20:37:55 • [DependencyControl] DependencyControl initialization took 0.834233 seconds so far...
[TRACE] 20:37:55 • [DependencyControl] DependencyControl initialization took 0.835150 seconds so far...
[TRACE] 20:37:55 • [DependencyControl] DependencyControl initialization took 0.836102 seconds so far...
[TRACE] 20:37:55 • [DependencyControl] DependencyControl initialization took 0.838131 seconds so far...
[TRACE] 20:37:55 • [DependencyControl] Writing updated module data to config file...
[TRACE] 20:37:55 • [DependencyControl] Writing config file 'G:\Aegisub Old\Light-Aegisub\Aegisub 3.2.2\config\l0.DependencyControl.json'...
[TRACE] 20:37:55 • [DependencyControl] DependencyControl initialization took 0.841822 seconds so far...
[TRACE] 20:37:55 • [DependencyControl] DependencyControl initialization took 0.850530 seconds so far...
[TRACE] 20:37:55 • [DependencyControl] Writing updated module data to config file...
[TRACE] 20:37:55 • [DependencyControl] Writing config file 'G:\Aegisub Old\Light-Aegisub\Aegisub 3.2.2\config\l0.DependencyControl.json'...
[TRACE] 20:37:55 • [DependencyControl] DependencyControl initialization took 0.853288 seconds so far...
[TRACE] 20:37:55 • [DependencyControl] Writing updated module data to config file...
[TRACE] 20:37:55 • [DependencyControl] Writing config file 'G:\Aegisub Old\Light-Aegisub\Aegisub 3.2.2\config\l0.DependencyControl.json'...
[TRACE] 20:37:55 • [DependencyControl] DependencyControl initialization took 1.106933 seconds so far...
[TRACE] 20:37:56 • [DependencyControl] Writing updated module data to config file...
[TRACE] 20:37:56 • [DependencyControl] Writing config file 'G:\Aegisub Old\Light-Aegisub\Aegisub 3.2.2\config\l0.DependencyControl.json'...
[TRACE] 20:37:56 • [DependencyControl] DependencyControl initialization took 1.109626 seconds so far...
[TRACE] 20:40:23 + [DependencyControl] Writing config file 'G:\Aegisub Old\Light-Aegisub\Aegisub 3.2.2\config\l0.DependencyControl.json'...
[TRACE] 20:40:23 + [DependencyControl] Running scheduled update for macro 'Shapery'...
[HINT] 20:40:23 + [DependencyControl] Starting update of macro 'Shapery'... 
[TRACE] 20:40:23 + [DependencyControl] Writing config file 'G:\Aegisub Old\Light-Aegisub\Aegisub 3.2.2\config\l0.DependencyControl.json'...
[HINT] 20:40:23 + [DependencyControl] Trying 1 candidate feeds (normal mode)...
— [HINT] 20:40:23 + [DependencyControl] Checking feed 1/1 (https://raw.githubusercontent.com/TypesettingTools/ILL-Aegisub-Scripts/main/DependencyControl.json)...
— [TRACE] 20:40:25 + [DependencyControl] Downloaded feed to G:\Aegisub Old\Light-Aegisub\Aegisub 3.2.2\feedDump\l0.UpdateFeed_680E.json.
— [TRACE] 20:40:25 + [DependencyControl] Feed has no new update.
[HINT] 20:40:25 + [DependencyControl] Macro 'Shapery' is up-to-date (v2.5.6).
[TRACE] 20:40:25 + [DependencyControl] Writing config file 'G:\Aegisub Old\Light-Aegisub\Aegisub 3.2.2\config\l0.DependencyControl.json'...
