[TRACE] 19:49:07 • [DependencyControl] Couldn't find config file 'G:\Aegisub Old\Aegisub 3.2.2\config\l0.FileOps.json'.
[TRACE] 19:49:07 • [DependencyControl] DependencyControl initialization took 0.195048 seconds so far...
[TRACE] 19:49:07 • [DependencyControl] DependencyControl initialization took 0.322426 seconds so far...
[TRACE] 19:49:07 • [DependencyControl] DependencyControl initialization took 0.325597 seconds so far...
[TRACE] 19:49:07 • [DependencyControl] DependencyControl initialization took 0.327440 seconds so far...
[TRACE] 19:49:07 • [DependencyControl] DependencyControl initialization took 0.330393 seconds so far...
[TRACE] 19:49:07 • [DependencyControl] DependencyControl initialization took 0.332769 seconds so far...
[TRACE] 19:49:07 • [DependencyControl] DependencyControl initialization took 0.334918 seconds so far...
[TRACE] 19:49:08 • [DependencyControl] DependencyControl initialization took 1.017667 seconds so far...
[TRACE] 19:49:08 • [DependencyControl] DependencyControl initialization took 1.018512 seconds so far...
[TRACE] 19:49:08 • [DependencyControl] DependencyControl initialization took 1.019445 seconds so far...
[TRACE] 19:49:08 • [DependencyControl] DependencyControl initialization took 1.020343 seconds so far...
[TRACE] 19:49:08 • [DependencyControl] DependencyControl initialization took 1.021193 seconds so far...
[TRACE] 19:49:08 • [DependencyControl] DependencyControl initialization took 1.021356 seconds so far...
[HINT] 19:49:08 • [DependencyControl] Fetching required module 'a-mo.ShakeShapeHandler'...
[HINT] 19:49:08 • [DependencyControl] Starting download of module 'a-mo.ShakeShapeHandler'... 
[TRACE] 19:49:08 • [DependencyControl] Writing config file 'G:\Aegisub Old\Aegisub 3.2.2\config\l0.DependencyControl.json'...
[HINT] 19:49:08 • [DependencyControl] Trying 1 candidate feeds (normal mode)...
— [HINT] 19:49:08 • [DependencyControl] Checking feed 1/1 (https://raw.githubusercontent.com/TypesettingTools/Aegisub-Motion/DepCtrl/DependencyControl.json)...
— [TRACE] 19:49:10 • [DependencyControl] Downloaded feed to G:\Aegisub Old\Aegisub 3.2.2\feedDump\l0.UpdateFeed_0516.json.
[HINT] 19:49:10 • [DependencyControl] Checking requirements...
— [TRACE] 19:49:10 • [DependencyControl] DependencyControl initialization took 1.023157 seconds so far...
[HINT] 19:49:10 • [DependencyControl] Update ready. Using temporary directory 'C:\Users\asus\AppData\Local\Temp\\l0.DependencyControl_B308'.
[TRACE] 19:49:10 • [DependencyControl] Skipped unchanged file 'a-mo/ShakeShapeHandler.moon'.
[HINT] 19:49:10 • [DependencyControl] Downloads complete. Now moving files to Aegisub automation directory 'G:\Aegisub Old\Aegisub 3.2.2\automation\include'...
[HINT] 19:49:10 • [DependencyControl] fetch of module 'a-mo.ShakeShapeHandler' succeeded, couldn't be located by the module loader.
[TRACE] 19:49:10 • [DependencyControl] Writing config file 'G:\Aegisub Old\Aegisub 3.2.2\config\l0.DependencyControl.json'...
[ERROR] 19:49:10 • [DependencyControl] Error: one or more of the modules required by DataWrapper could not be found on your system:
— a-mo.ShakeShapeHandler  (v1.0.1)
—— Reason: fetch of module 'a-mo.ShakeShapeHandler' succeeded, couldn't be located by the module loader.
nil
[TRACE] 19:49:10 • [DependencyControl] DependencyControl initialization took 1.024288 seconds so far...
[TRACE] 19:49:10 • [DependencyControl] DependencyControl initialization took 1.025388 seconds so far...
[TRACE] 19:49:10 • [DependencyControl] DependencyControl initialization took 1.026549 seconds so far...
[TRACE] 19:49:10 • [DependencyControl] DependencyControl initialization took 1.027479 seconds so far...
[TRACE] 19:49:10 • [DependencyControl] DependencyControl initialization took 1.028432 seconds so far...
[TRACE] 19:49:10 • [DependencyControl] DependencyControl initialization took 1.029595 seconds so far...
[TRACE] 19:49:10 • [DependencyControl] DependencyControl initialization took 1.030525 seconds so far...
[TRACE] 19:49:10 • [DependencyControl] DependencyControl initialization took 1.031348 seconds so far...
[TRACE] 19:49:10 • [DependencyControl] DependencyControl initialization took 1.032188 seconds so far...
[TRACE] 19:49:10 • [DependencyControl] DependencyControl initialization took 1.033917 seconds so far...
[TRACE] 19:49:10 • [DependencyControl] DependencyControl initialization took 1.096655 seconds so far...
[TRACE] 19:49:10 • [DependencyControl] DependencyControl initialization took 1.096844 seconds so far...
[HINT] 19:49:10 • [DependencyControl] Fetching required module 'a-mo.MotionHandler'...
[HINT] 19:49:10 • [DependencyControl] Starting download of module 'a-mo.MotionHandler'... 
[TRACE] 19:49:10 • [DependencyControl] Writing config file 'G:\Aegisub Old\Aegisub 3.2.2\config\l0.DependencyControl.json'...
[HINT] 19:49:10 • [DependencyControl] Trying 1 candidate feeds (normal mode)...
— [HINT] 19:49:10 • [DependencyControl] Checking feed 1/1 (https://raw.githubusercontent.com/TypesettingTools/Aegisub-Motion/DepCtrl/DependencyControl.json)...
— [TRACE] 19:49:10 • [DependencyControl] Using cached feed.
[HINT] 19:49:10 • [DependencyControl] Checking requirements...
— [TRACE] 19:49:10 • [DependencyControl] DependencyControl initialization took 1.103795 seconds so far...
— [TRACE] 19:49:10 • [DependencyControl] DependencyControl initialization took 1.104965 seconds so far...
[HINT] 19:49:10 • [DependencyControl] Update ready. Using temporary directory 'C:\Users\asus\AppData\Local\Temp\\l0.DependencyControl_5E24'.
[TRACE] 19:49:10 • [DependencyControl] Skipped unchanged file 'a-mo/MotionHandler.moon'.
[HINT] 19:49:10 • [DependencyControl] Downloads complete. Now moving files to Aegisub automation directory 'G:\Aegisub Old\Aegisub 3.2.2\automation\include'...
[HINT] 19:49:10 • [DependencyControl] fetch of module 'a-mo.MotionHandler' succeeded, couldn't be located by the module loader.
[TRACE] 19:49:10 • [DependencyControl] DependencyControl initialization took 1.106000 seconds so far...
[TRACE] 19:49:10 • [DependencyControl] DependencyControl initialization took 1.106964 seconds so far...
[TRACE] 19:49:10 • [DependencyControl] Writing config file 'G:\Aegisub Old\Aegisub 3.2.2\config\l0.DependencyControl.json'...
[TRACE] 19:49:10 • [DependencyControl] DependencyControl initialization took 1.107956 seconds so far...
[TRACE] 19:49:10 • [DependencyControl] DependencyControl initialization took 1.108775 seconds so far...
[ERROR] 19:49:10 • [DependencyControl] Error in required module a-mo.DataWrapper:
[string "G:/Aegisub Old\Aegisub 3.2.2\automation\inclu..."]:61: Error: [DependencyControl] Error:  one or more of the modules required by DataWrapper could not be found on your system: 
— a-mo.ShakeShapeHandler  (v1.0.1)
—— Reason:  fetch of module 'a-mo.ShakeShapeHandler' succeeded, couldn't be located by the module loader.
nil
stack traceback:
	[C]: in function 'assert'
	[string "G:/Aegisub Old\Aegisub 3.2.2\automation\inclu..."]:61: in function 'error'
	[string "G:/Aegisub Old\Aegisub 3.2.2\automation\inclu..."]:317: in function 'requireModules'
	[string "G:/Aegisub Old\Aegisub 3.2.2\automation\inclu..."]:28: in main chunk
	[C]: at 0x7ff667f25f70
	[C]: in function 'xpcall'
	[string "G:/Aegisub Old\Aegisub 3.2.2\automation\inclu..."]:286: in function 'loadModule'
	[string "G:/Aegisub Old\Aegisub 3.2.2\automation\inclu..."]:353: in function 'loadModules'
	[string "G:/Aegisub Old\Aegisub 3.2.2\automation\inclu..."]:313: in function 'requireModules'
	[string "G:/Aegisub Old\Aegisub 3.2.2\automation\autol..."]:51: in main chunk

Error: one or more of the modules required by Aegisub-Motion could not be found on your system:
— a-mo.MotionHandler  (v1.1.7)
—— Reason: fetch of module 'a-mo.MotionHandler' succeeded, couldn't be located by the module loader.
nil
