[TRACE] 19:41:38 • [DependencyControl] Lock was released after 150 ms.
[TRACE] 19:41:38 • [DependencyControl] Couldn't find config file 'G:\Aegisub Old\Light-Aegisub\Aegisub 3.2.2\config\l0.FileOps.json'.
[TRACE] 19:41:38 • [DependencyControl] DependencyControl initialization took 0.297659 seconds so far...
[TRACE] 19:41:38 • [DependencyControl] DependencyControl initialization took 0.300827 seconds so far...
[TRACE] 19:41:38 • [DependencyControl] DependencyControl initialization took 0.301584 seconds so far...
[TRACE] 19:41:38 • [DependencyControl] DependencyControl initialization took 0.302366 seconds so far...
[TRACE] 19:41:38 • [DependencyControl] DependencyControl initialization took 0.303095 seconds so far...
[TRACE] 19:41:38 • [DependencyControl] DependencyControl initialization took 0.303931 seconds so far...
[TRACE] 19:41:38 • [DependencyControl] DependencyControl initialization took 0.304958 seconds so far...
[TRACE] 19:41:38 • [DependencyControl] DependencyControl initialization took 0.305647 seconds so far...
[TRACE] 19:41:38 • [DependencyControl] DependencyControl initialization took 0.306565 seconds so far...
[TRACE] 19:41:38 • [DependencyControl] DependencyControl initialization took 0.307896 seconds so far...
[TRACE] 19:41:38 • [DependencyControl] DependencyControl initialization took 0.685057 seconds so far...
[TRACE] 19:41:38 • [DependencyControl] DependencyControl initialization took 0.687135 seconds so far...
[TRACE] 19:41:38 • [DependencyControl] DependencyControl initialization took 0.803315 seconds so far...
[TRACE] 19:41:38 • [DependencyControl] DependencyControl initialization took 0.804846 seconds so far...
[TRACE] 19:41:38 • [DependencyControl] DependencyControl initialization took 0.864437 seconds so far...
[TRACE] 19:41:38 • [DependencyControl] DependencyControl initialization took 0.865786 seconds so far...
[TRACE] 19:41:38 • [DependencyControl] DependencyControl initialization took 0.924092 seconds so far...
[TRACE] 19:41:38 • [DependencyControl] DependencyControl initialization took 0.983208 seconds so far...
[TRACE] 19:41:38 • [DependencyControl] DependencyControl initialization took 1.045613 seconds so far...
[TRACE] 19:41:38 • [DependencyControl] DependencyControl initialization took 1.047042 seconds so far...
[TRACE] 19:41:38 • [DependencyControl] DependencyControl initialization took 1.048089 seconds so far...
[TRACE] 19:41:38 • [DependencyControl] DependencyControl initialization took 1.049866 seconds so far...
[TRACE] 19:41:38 • [DependencyControl] DependencyControl initialization took 1.051100 seconds so far...
[TRACE] 19:41:38 • [DependencyControl] DependencyControl initialization took 1.051927 seconds so far...
[TRACE] 19:41:38 • [DependencyControl] DependencyControl initialization took 1.052727 seconds so far...
[TRACE] 19:41:38 • [DependencyControl] DependencyControl initialization took 1.052825 seconds so far...
[HINT] 19:41:38 • [DependencyControl] Fetching required module 'a-mo.MotionHandler'...
[HINT] 19:41:38 • [DependencyControl] Starting download of module 'a-mo.MotionHandler'... 
[TRACE] 19:41:38 • [DependencyControl] Writing config file 'G:\Aegisub Old\Light-Aegisub\Aegisub 3.2.2\config\l0.DependencyControl.json'...
[HINT] 19:41:38 • [DependencyControl] Trying 1 candidate feeds (normal mode)...
— [HINT] 19:41:38 • [DependencyControl] Checking feed 1/1 (https://raw.githubusercontent.com/TypesettingTools/Aegisub-Motion/DepCtrl/DependencyControl.json)...
— [TRACE] 19:41:41 • [DependencyControl] Downloaded feed to G:\Aegisub Old\Light-Aegisub\Aegisub 3.2.2\feedDump\l0.UpdateFeed_F5F1.json.
[HINT] 19:41:41 • [DependencyControl] Checking requirements...
— [TRACE] 19:41:41 • [DependencyControl] DependencyControl initialization took 1.053932 seconds so far...
— [TRACE] 19:41:41 • [DependencyControl] DependencyControl initialization took 1.055060 seconds so far...
[HINT] 19:41:41 • [DependencyControl] Update ready. Using temporary directory 'C:\Users\asus\AppData\Local\Temp\\l0.DependencyControl_DD08'.
[TRACE] 19:41:41 • [DependencyControl] Skipped unchanged file 'a-mo/MotionHandler.moon'.
[HINT] 19:41:41 • [DependencyControl] Downloads complete. Now moving files to Aegisub automation directory 'G:\Aegisub Old\Light-Aegisub\Aegisub 3.2.2\automation\include'...
[HINT] 19:41:41 • [DependencyControl] fetch of module 'a-mo.MotionHandler' succeeded, couldn't be located by the module loader.
[TRACE] 19:41:41 • [DependencyControl] DependencyControl initialization took 1.055927 seconds so far...
[TRACE] 19:41:41 • [DependencyControl] DependencyControl initialization took 1.056843 seconds so far...
[TRACE] 19:41:41 • [DependencyControl] Writing config file 'G:\Aegisub Old\Light-Aegisub\Aegisub 3.2.2\config\l0.DependencyControl.json'...
[TRACE] 19:41:41 • [DependencyControl] DependencyControl initialization took 1.061635 seconds so far...
[TRACE] 19:41:41 • [DependencyControl] DependencyControl initialization took 1.064633 seconds so far...
[ERROR] 19:41:41 • [DependencyControl] Error: one or more of the modules required by Aegisub-Motion could not be found on your system:
— a-mo.MotionHandler  (v1.1.7)
—— Reason: fetch of module 'a-mo.MotionHandler' succeeded, couldn't be located by the module loader.
nil
