[TRACE] 19:41:15 • [DependencyControl] Lock was released after 50 ms.
[TRACE] 19:41:15 • [DependencyControl] Couldn't find config file 'G:\Aegisub Old\Light-Aegisub\Aegisub 3.2.2\config\l0.FileOps.json'.
[TRACE] 19:41:15 • [DependencyControl] DependencyControl initialization took 0.203736 seconds so far...
[TRACE] 19:41:15 • [DependencyControl] DependencyControl initialization took 0.205262 seconds so far...
[TRACE] 19:41:15 • [DependencyControl] DependencyControl initialization took 0.207930 seconds so far...
[TRACE] 19:41:15 • [DependencyControl] DependencyControl initialization took 0.208790 seconds so far...
[TRACE] 19:41:15 • [DependencyControl] DependencyControl initialization took 0.209657 seconds so far...
[TRACE] 19:41:15 • [DependencyControl] DependencyControl initialization took 0.210485 seconds so far...
[TRACE] 19:41:15 • [DependencyControl] Writing updated module data to config file...
[TRACE] 19:41:15 • [DependencyControl] Writing config file 'G:\Aegisub Old\Light-Aegisub\Aegisub 3.2.2\config\l0.DependencyControl.json'...
[TRACE] 19:41:15 • [DependencyControl] DependencyControl initialization took 0.587768 seconds so far...
[TRACE] 19:41:15 • [DependencyControl] DependencyControl initialization took 0.597144 seconds so far...
[TRACE] 19:41:15 • [DependencyControl] Writing updated module data to config file...
[TRACE] 19:41:15 • [DependencyControl] Writing config file 'G:\Aegisub Old\Light-Aegisub\Aegisub 3.2.2\config\l0.DependencyControl.json'...
[TRACE] 19:41:15 • [DependencyControl] DependencyControl initialization took 0.600755 seconds so far...
[TRACE] 19:41:15 • [DependencyControl] Writing updated module data to config file...
[TRACE] 19:41:15 • [DependencyControl] Writing config file 'G:\Aegisub Old\Light-Aegisub\Aegisub 3.2.2\config\l0.DependencyControl.json'...
[TRACE] 19:41:15 • [DependencyControl] DependencyControl initialization took 0.609526 seconds so far...
[TRACE] 19:41:15 • [DependencyControl] Writing updated module data to config file...
[TRACE] 19:41:15 • [DependencyControl] Writing config file 'G:\Aegisub Old\Light-Aegisub\Aegisub 3.2.2\config\l0.DependencyControl.json'...
[TRACE] 19:41:15 • [DependencyControl] DependencyControl initialization took 0.612205 seconds so far...
