[TRACE] 19:48:36 • [DependencyControl] Couldn't find config file 'G:\Aegisub Old\Aegisub 3.2.2\config\l0.FileOps.json'.
[TRACE] 19:48:36 • [DependencyControl] DependencyControl initialization took 0.733695 seconds so far...
[TRACE] 19:48:36 • [DependencyControl] DependencyControl initialization took 0.794833 seconds so far...
[TRACE] 19:48:36 • [DependencyControl] DependencyControl initialization took 0.795819 seconds so far...
[TRACE] 19:48:36 • [DependencyControl] DependencyControl initialization took 0.796898 seconds so far...
[TRACE] 19:48:36 • [DependencyControl] DependencyControl initialization took 0.797863 seconds so far...
[TRACE] 19:48:36 • [DependencyControl] DependencyControl initialization took 0.798774 seconds so far...
[TRACE] 19:48:37 • [DependencyControl] DependencyControl initialization took 0.859928 seconds so far...
[TRACE] 19:48:37 • [DependencyControl] DependencyControl initialization took 0.861108 seconds so far...
[TRACE] 19:48:37 • [DependencyControl] DependencyControl initialization took 0.862254 seconds so far...
[TRACE] 19:48:37 • [DependencyControl] DependencyControl initialization took 0.863498 seconds so far...
[TRACE] 19:48:37 • [DependencyControl] DependencyControl initialization took 0.864473 seconds so far...
[TRACE] 19:48:37 • [DependencyControl] DependencyControl initialization took 0.865563 seconds so far...
[TRACE] 19:48:37 • [DependencyControl] DependencyControl initialization took 0.865741 seconds so far...
[HINT] 19:48:37 • [DependencyControl] Fetching required module 'a-mo.ShakeShapeHandler'...
[HINT] 19:48:37 • [DependencyControl] Starting download of module 'a-mo.ShakeShapeHandler'... 
[TRACE] 19:48:37 • [DependencyControl] Writing config file 'G:\Aegisub Old\Aegisub 3.2.2\config\l0.DependencyControl.json'...
[HINT] 19:48:37 • [DependencyControl] Trying 1 candidate feeds (normal mode)...
— [HINT] 19:48:37 • [DependencyControl] Checking feed 1/1 (https://raw.githubusercontent.com/TypesettingTools/Aegisub-Motion/DepCtrl/DependencyControl.json)...
— [TRACE] 19:48:38 • [DependencyControl] Downloaded feed to G:\Aegisub Old\Aegisub 3.2.2\feedDump\l0.UpdateFeed_6666.json.
[HINT] 19:48:38 • [DependencyControl] Checking requirements...
— [TRACE] 19:48:38 • [DependencyControl] DependencyControl initialization took 0.868105 seconds so far...
[HINT] 19:48:38 • [DependencyControl] Update ready. Using temporary directory 'C:\Users\asus\AppData\Local\Temp\\l0.DependencyControl_71A7'.
[TRACE] 19:48:38 • [DependencyControl] Skipped unchanged file 'a-mo/ShakeShapeHandler.moon'.
[HINT] 19:48:38 • [DependencyControl] Downloads complete. Now moving files to Aegisub automation directory 'G:\Aegisub Old\Aegisub 3.2.2\automation\include'...
[HINT] 19:48:38 • [DependencyControl] fetch of module 'a-mo.ShakeShapeHandler' succeeded, couldn't be located by the module loader.
[TRACE] 19:48:38 • [DependencyControl] Writing config file 'G:\Aegisub Old\Aegisub 3.2.2\config\l0.DependencyControl.json'...
[ERROR] 19:48:38 • [DependencyControl] Error: one or more of the modules required by DataWrapper could not be found on your system:
— a-mo.ShakeShapeHandler  (v1.0.1)
—— Reason: fetch of module 'a-mo.ShakeShapeHandler' succeeded, couldn't be located by the module loader.
nil
[TRACE] 19:48:38 • [DependencyControl] DependencyControl initialization took 0.870139 seconds so far...
[TRACE] 19:48:38 • [DependencyControl] DependencyControl initialization took 0.871093 seconds so far...
[TRACE] 19:48:38 • [DependencyControl] DependencyControl initialization took 0.872274 seconds so far...
[TRACE] 19:48:38 • [DependencyControl] DependencyControl initialization took 0.873359 seconds so far...
[TRACE] 19:48:38 • [DependencyControl] DependencyControl initialization took 0.874393 seconds so far...
[TRACE] 19:48:38 • [DependencyControl] DependencyControl initialization took 0.875278 seconds so far...
[TRACE] 19:48:38 • [DependencyControl] DependencyControl initialization took 0.876286 seconds so far...
[TRACE] 19:48:38 • [DependencyControl] DependencyControl initialization took 0.877072 seconds so far...
[TRACE] 19:48:38 • [DependencyControl] DependencyControl initialization took 0.877951 seconds so far...
[TRACE] 19:48:38 • [DependencyControl] DependencyControl initialization took 0.878911 seconds so far...
[TRACE] 19:48:38 • [DependencyControl] DependencyControl initialization took 0.879669 seconds so far...
[TRACE] 19:48:38 • [DependencyControl] DependencyControl initialization took 0.879925 seconds so far...
[HINT] 19:48:38 • [DependencyControl] Fetching required module 'a-mo.MotionHandler'...
[HINT] 19:48:38 • [DependencyControl] Starting download of module 'a-mo.MotionHandler'... 
[TRACE] 19:48:38 • [DependencyControl] Writing config file 'G:\Aegisub Old\Aegisub 3.2.2\config\l0.DependencyControl.json'...
[HINT] 19:48:38 • [DependencyControl] Trying 1 candidate feeds (normal mode)...
— [HINT] 19:48:38 • [DependencyControl] Checking feed 1/1 (https://raw.githubusercontent.com/TypesettingTools/Aegisub-Motion/DepCtrl/DependencyControl.json)...
— [TRACE] 19:48:38 • [DependencyControl] Using cached feed.
[HINT] 19:48:38 • [DependencyControl] Checking requirements...
— [TRACE] 19:48:38 • [DependencyControl] DependencyControl initialization took 0.886629 seconds so far...
— [TRACE] 19:48:38 • [DependencyControl] DependencyControl initialization took 0.887400 seconds so far...
[HINT] 19:48:38 • [DependencyControl] Update ready. Using temporary directory 'C:\Users\asus\AppData\Local\Temp\\l0.DependencyControl_3BFE'.
[TRACE] 19:48:38 • [DependencyControl] Skipped unchanged file 'a-mo/MotionHandler.moon'.
[HINT] 19:48:38 • [DependencyControl] Downloads complete. Now moving files to Aegisub automation directory 'G:\Aegisub Old\Aegisub 3.2.2\automation\include'...
[HINT] 19:48:38 • [DependencyControl] fetch of module 'a-mo.MotionHandler' succeeded, couldn't be located by the module loader.
[TRACE] 19:48:38 • [DependencyControl] DependencyControl initialization took 0.888366 seconds so far...
[TRACE] 19:48:38 • [DependencyControl] DependencyControl initialization took 0.889161 seconds so far...
[TRACE] 19:48:38 • [DependencyControl] Writing config file 'G:\Aegisub Old\Aegisub 3.2.2\config\l0.DependencyControl.json'...
[TRACE] 19:48:38 • [DependencyControl] DependencyControl initialization took 0.890947 seconds so far...
[TRACE] 19:48:38 • [DependencyControl] DependencyControl initialization took 0.891714 seconds so far...
[ERROR] 19:48:38 • [DependencyControl] Error in required module a-mo.DataWrapper:
[string "G:/Aegisub Old\Aegisub 3.2.2\automation\inclu..."]:61: Error: [DependencyControl] Error:  one or more of the modules required by DataWrapper could not be found on your system: 
— a-mo.ShakeShapeHandler  (v1.0.1)
—— Reason:  fetch of module 'a-mo.ShakeShapeHandler' succeeded, couldn't be located by the module loader.
nil
stack traceback:
	[C]: in function 'assert'
	[string "G:/Aegisub Old\Aegisub 3.2.2\automation\inclu..."]:61: in function 'error'
	[string "G:/Aegisub Old\Aegisub 3.2.2\automation\inclu..."]:317: in function 'requireModules'
	[string "G:/Aegisub Old\Aegisub 3.2.2\automation\inclu..."]:28: in main chunk
	[C]: at 0x7ff667f25f70
	[C]: in function 'xpcall'
	[string "G:/Aegisub Old\Aegisub 3.2.2\automation\inclu..."]:286: in function 'loadModule'
	[string "G:/Aegisub Old\Aegisub 3.2.2\automation\inclu..."]:353: in function 'loadModules'
	[string "G:/Aegisub Old\Aegisub 3.2.2\automation\inclu..."]:313: in function 'requireModules'
	[string "G:/Aegisub Old\Aegisub 3.2.2\automation\autol..."]:51: in main chunk

Error: one or more of the modules required by Aegisub-Motion could not be found on your system:
— a-mo.MotionHandler  (v1.1.7)
—— Reason: fetch of module 'a-mo.MotionHandler' succeeded, couldn't be located by the module loader.
nil
