[TRACE] 19:41:38 • [DependencyControl] Waiting for config file lock to be released (250 ms passed)... 
[TRACE] 19:41:38 • [DependencyControl] Lock was released after 250 ms.
[TRACE] 19:41:38 • [DependencyControl] Couldn't find config file 'G:\Aegisub Old\Light-Aegisub\Aegisub 3.2.2\config\l0.FileOps.json'.
[TRACE] 19:41:38 • [DependencyControl] DependencyControl initialization took 0.370857 seconds so far...
[TRACE] 19:41:38 • [DependencyControl] DependencyControl initialization took 0.371841 seconds so far...
[TRACE] 19:41:38 • [DependencyControl] DependencyControl initialization took 0.372580 seconds so far...
[TRACE] 19:41:38 • [DependencyControl] DependencyControl initialization took 0.373383 seconds so far...
[TRACE] 19:41:38 • [DependencyControl] DependencyControl initialization took 0.374379 seconds so far...
[TRACE] 19:41:38 • [DependencyControl] DependencyControl initialization took 0.375116 seconds so far...
[TRACE] 19:41:38 • [DependencyControl] DependencyControl initialization took 1.083923 seconds so far...
[TRACE] 19:41:39 • [DependencyControl] DependencyControl initialization took 1.246481 seconds so far...
[TRACE] 19:41:39 • [DependencyControl] Writing updated module data to config file...
[TRACE] 19:41:39 • [DependencyControl] Writing config file 'G:\Aegisub Old\Light-Aegisub\Aegisub 3.2.2\config\l0.DependencyControl.json'...
[TRACE] 19:41:39 • [DependencyControl] DependencyControl initialization took 1.253748 seconds so far...
[TRACE] 19:41:39 • [DependencyControl] Writing updated module data to config file...
[TRACE] 19:41:39 • [DependencyControl] Writing config file 'G:\Aegisub Old\Light-Aegisub\Aegisub 3.2.2\config\l0.DependencyControl.json'...
[TRACE] 19:41:39 • [DependencyControl] DependencyControl initialization took 1.307071 seconds so far...
[TRACE] 19:41:39 • [DependencyControl] Writing updated module data to config file...
[TRACE] 19:41:39 • [DependencyControl] Writing config file 'G:\Aegisub Old\Light-Aegisub\Aegisub 3.2.2\config\l0.DependencyControl.json'...
[TRACE] 19:41:39 • [DependencyControl] DependencyControl initialization took 1.310147 seconds so far...
