[TRACE] 20:37:55 • [DependencyControl] Waiting for config file lock to be released (250 ms passed)... 
[TRACE] 20:37:55 • [DependencyControl] Waiting for config file lock to be released (500 ms passed)... 
[TRACE] 20:37:55 • [DependencyControl] Waiting for config file lock to be released (750 ms passed)... 
[TRACE] 20:37:55 • [DependencyControl] Lock was released after 800 ms.
[TRACE] 20:37:55 • [DependencyControl] Couldn't find config file 'G:\Aegisub Old\Light-Aegisub\Aegisub 3.2.2\config\l0.FileOps.json'.
[TRACE] 20:37:55 • [DependencyControl] DependencyControl initialization took 1.153607 seconds so far...
[TRACE] 20:37:55 • [DependencyControl] DependencyControl initialization took 1.155939 seconds so far...
[TRACE] 20:37:55 • [DependencyControl] DependencyControl initialization took 1.157076 seconds so far...
[TRACE] 20:37:55 • [DependencyControl] DependencyControl initialization took 1.157909 seconds so far...
[TRACE] 20:37:55 • [DependencyControl] DependencyControl initialization took 1.158640 seconds so far...
[TRACE] 20:37:55 • [DependencyControl] DependencyControl initialization took 1.159336 seconds so far...
[TRACE] 20:48:41 + [DependencyControl] Writing config file 'G:\Aegisub Old\Light-Aegisub\Aegisub 3.2.2\config\l0.DependencyControl.json'...
[TRACE] 20:48:41 + [DependencyControl] Running scheduled update for macro 'NecrosCopy'...
[HINT] 20:48:41 + [DependencyControl] Starting update of macro 'NecrosCopy'... 
[TRACE] 20:48:41 + [DependencyControl] Writing config file 'G:\Aegisub Old\Light-Aegisub\Aegisub 3.2.2\config\l0.DependencyControl.json'...
[HINT] 20:48:41 + [DependencyControl] Trying 1 candidate feeds (normal mode)...
— [HINT] 20:48:41 + [DependencyControl] Checking feed 1/1 (https://raw.githubusercontent.com/unanimated/luaegisub/master/DependencyControl.json)...
— [TRACE] 20:48:43 + [DependencyControl] Downloaded feed to G:\Aegisub Old\Light-Aegisub\Aegisub 3.2.2\feedDump\l0.UpdateFeed_EA37.json.
— [TRACE] 20:48:43 + [DependencyControl] Feed has no new update.
[HINT] 20:48:43 + [DependencyControl] Macro 'NecrosCopy' is up-to-date (v4.1.0).
[TRACE] 20:48:43 + [DependencyControl] Writing config file 'G:\Aegisub Old\Light-Aegisub\Aegisub 3.2.2\config\l0.DependencyControl.json'...
