[TRACE] 19:51:52 • [DependencyControl] Waiting for config file lock to be released (250 ms passed)... 
[TRACE] 19:51:52 • [DependencyControl] Waiting for config file lock to be released (500 ms passed)... 
[TRACE] 19:51:52 • [DependencyControl] Lock was released after 500 ms.
[TRACE] 19:51:52 • [DependencyControl] Couldn't find config file 'G:\Aegisub Old\Aegisub 3.2.2\config\l0.FileOps.json'.
[TRACE] 19:51:52 • [DependencyControl] DependencyControl initialization took 0.942730 seconds so far...
[TRACE] 19:51:52 • [DependencyControl] DependencyControl initialization took 0.944181 seconds so far...
[TRACE] 19:51:52 • [DependencyControl] DependencyControl initialization took 0.945368 seconds so far...
[TRACE] 19:51:52 • [DependencyControl] DependencyControl initialization took 0.946534 seconds so far...
[TRACE] 19:51:52 • [DependencyControl] DependencyControl initialization took 0.947702 seconds so far...
[TRACE] 19:51:52 • [DependencyControl] DependencyControl initialization took 0.948731 seconds so far...
[TRACE] 19:51:52 • [DependencyControl] Writing updated module data to config file...
[TRACE] 19:51:52 • [DependencyControl] Writing config file 'G:\Aegisub Old\Aegisub 3.2.2\config\l0.DependencyControl.json'...
[TRACE] 19:51:52 • [DependencyControl] DependencyControl initialization took 1.015198 seconds so far...
[TRACE] 19:51:53 • [DependencyControl] Writing updated module data to config file...
[TRACE] 19:51:53 • [DependencyControl] Writing config file 'G:\Aegisub Old\Aegisub 3.2.2\config\l0.DependencyControl.json'...
[TRACE] 19:51:53 • [DependencyControl] DependencyControl initialization took 1.019340 seconds so far...
[TRACE] 19:51:53 • [DependencyControl] DependencyControl initialization took 1.029282 seconds so far...
[TRACE] 19:51:53 • [DependencyControl] Writing updated module data to config file...
[TRACE] 19:51:53 • [DependencyControl] Writing config file 'G:\Aegisub Old\Aegisub 3.2.2\config\l0.DependencyControl.json'...
[TRACE] 19:51:53 • [DependencyControl] DependencyControl initialization took 1.035273 seconds so far...
