[TRACE] 19:00:10 • [DependencyControl] Waiting for config file lock to be released (250 ms passed)... 
[TRACE] 19:00:10 • [DependencyControl] Lock was released after 350 ms.
[TRACE] 19:00:10 • [DependencyControl] Couldn't find config file 'G:\Aegisub Old\Light-Aegisub\Aegisub 3.2.2\config\l0.FileOps.json'.
[TRACE] 19:00:10 • [DependencyControl] DependencyControl initialization took 0.473585 seconds so far...
[TRACE] 19:00:10 • [DependencyControl] DependencyControl initialization took 0.474421 seconds so far...
[TRACE] 19:00:10 • [DependencyControl] DependencyControl initialization took 0.475236 seconds so far...
[TRACE] 19:00:10 • [DependencyControl] DependencyControl initialization took 0.476099 seconds so far...
[TRACE] 19:00:10 • [DependencyControl] DependencyControl initialization took 0.477050 seconds so far...
[TRACE] 19:00:10 • [DependencyControl] DependencyControl initialization took 0.479067 seconds so far...
[TRACE] 19:00:10 • [DependencyControl] Writing updated module data to config file...
[TRACE] 19:00:10 • [DependencyControl] Writing config file 'G:\Aegisub Old\Light-Aegisub\Aegisub 3.2.2\config\l0.DependencyControl.json'...
[TRACE] 19:00:10 • [DependencyControl] DependencyControl initialization took 0.483153 seconds so far...
[TRACE] 19:00:10 • [DependencyControl] DependencyControl initialization took 0.491516 seconds so far...
[TRACE] 19:00:10 • [DependencyControl] Writing updated module data to config file...
[TRACE] 19:00:10 • [DependencyControl] Writing config file 'G:\Aegisub Old\Light-Aegisub\Aegisub 3.2.2\config\l0.DependencyControl.json'...
[TRACE] 19:00:10 • [DependencyControl] DependencyControl initialization took 0.494145 seconds so far...
[TRACE] 19:00:10 • [DependencyControl] Writing updated module data to config file...
[TRACE] 19:00:10 • [DependencyControl] Writing config file 'G:\Aegisub Old\Light-Aegisub\Aegisub 3.2.2\config\l0.DependencyControl.json'...
[TRACE] 19:00:10 • [DependencyControl] DependencyControl initialization took 0.684584 seconds so far...
[TRACE] 19:00:10 • [DependencyControl] Writing updated module data to config file...
[TRACE] 19:00:10 • [DependencyControl] Writing config file 'G:\Aegisub Old\Light-Aegisub\Aegisub 3.2.2\config\l0.DependencyControl.json'...
[TRACE] 19:00:10 • [DependencyControl] DependencyControl initialization took 0.687190 seconds so far...
