[TRACE] 19:40:50 • [DependencyControl] Couldn't find config file 'G:\Aegisub Old\Light-Aegisub\Aegisub 3.2.2\config\l0.FileOps.json'.
[TRACE] 19:40:50 • [DependencyControl] DependencyControl initialization took 0.094581 seconds so far...
[TRACE] 19:40:51 • [DependencyControl] DependencyControl initialization took 0.474604 seconds so far...
[TRACE] 19:40:51 • [DependencyControl] DependencyControl initialization took 0.476587 seconds so far...
[TRACE] 19:40:51 • [DependencyControl] DependencyControl initialization took 0.477826 seconds so far...
[TRACE] 19:40:51 • [DependencyControl] DependencyControl initialization took 0.478977 seconds so far...
[TRACE] 19:40:51 • [DependencyControl] DependencyControl initialization took 0.480108 seconds so far...
[TRACE] 19:40:51 • [DependencyControl] DependencyControl initialization took 0.480867 seconds so far...
[TRACE] 19:40:51 • [DependencyControl] DependencyControl initialization took 0.920791 seconds so far...
[TRACE] 19:40:51 • [DependencyControl] DependencyControl initialization took 0.921763 seconds so far...
[TRACE] 19:40:51 • [DependencyControl] DependencyControl initialization took 0.923228 seconds so far...
[TRACE] 19:40:52 • [DependencyControl] DependencyControl initialization took 1.229526 seconds so far...
[TRACE] 19:40:52 • [DependencyControl] DependencyControl initialization took 1.230970 seconds so far...
[TRACE] 19:40:52 • [DependencyControl] DependencyControl initialization took 1.231776 seconds so far...
[TRACE] 19:40:52 • [DependencyControl] DependencyControl initialization took 1.232655 seconds so far...
[TRACE] 19:40:52 • [DependencyControl] Writing config file 'G:\Aegisub Old\Light-Aegisub\Aegisub 3.2.2\config\l0.DependencyControl.json'...
[TRACE] 19:40:52 • [DependencyControl] Running scheduled update for module 'DataWrapper'...
[HINT] 19:40:52 • [DependencyControl] Starting update of module 'DataWrapper'... 
[TRACE] 19:40:52 • [DependencyControl] Writing config file 'G:\Aegisub Old\Light-Aegisub\Aegisub 3.2.2\config\l0.DependencyControl.json'...
[HINT] 19:40:52 • [DependencyControl] Trying 1 candidate feeds (normal mode)...
— [HINT] 19:40:52 • [DependencyControl] Checking feed 1/1 (https://raw.githubusercontent.com/TypesettingTools/Aegisub-Motion/DepCtrl/DependencyControl.json)...
— [TRACE] 19:40:52 • [DependencyControl] Downloaded feed to G:\Aegisub Old\Light-Aegisub\Aegisub 3.2.2\feedDump\l0.UpdateFeed_1949.json.
— [TRACE] 19:40:52 • [DependencyControl] Feed has no new update.
[HINT] 19:40:52 • [DependencyControl] Module 'DataWrapper' is up-to-date (v1.0.2).
[TRACE] 19:40:52 • [DependencyControl] Writing updated module data to config file...
[TRACE] 19:40:52 • [DependencyControl] Writing config file 'G:\Aegisub Old\Light-Aegisub\Aegisub 3.2.2\config\l0.DependencyControl.json'...
[TRACE] 19:40:52 • [DependencyControl] DependencyControl initialization took 1.237104 seconds so far...
[TRACE] 19:40:52 • [DependencyControl] DependencyControl initialization took 1.247291 seconds so far...
[TRACE] 19:40:52 • [DependencyControl] Writing updated module data to config file...
[TRACE] 19:40:52 • [DependencyControl] Writing config file 'G:\Aegisub Old\Light-Aegisub\Aegisub 3.2.2\config\l0.DependencyControl.json'...
[TRACE] 19:40:52 • [DependencyControl] DependencyControl initialization took 1.250259 seconds so far...
[TRACE] 19:40:52 • [DependencyControl] DependencyControl initialization took 1.260320 seconds so far...
[TRACE] 19:40:52 • [DependencyControl] Writing updated module data to config file...
[TRACE] 19:40:52 • [DependencyControl] Writing config file 'G:\Aegisub Old\Light-Aegisub\Aegisub 3.2.2\config\l0.DependencyControl.json'...
[TRACE] 19:40:52 • [DependencyControl] DependencyControl initialization took 1.264203 seconds so far...
[TRACE] 19:40:52 • [DependencyControl] DependencyControl initialization took 1.274408 seconds so far...
[TRACE] 19:40:52 • [DependencyControl] DependencyControl initialization took 1.275463 seconds so far...
[TRACE] 19:40:52 • [DependencyControl] DependencyControl initialization took 1.276245 seconds so far...
[TRACE] 19:40:52 • [DependencyControl] DependencyControl initialization took 1.277135 seconds so far...
[TRACE] 19:40:52 • [DependencyControl] Writing config file 'G:\Aegisub Old\Light-Aegisub\Aegisub 3.2.2\config\l0.DependencyControl.json'...
[TRACE] 19:40:52 • [DependencyControl] DependencyControl initialization took 1.286087 seconds so far...
[TRACE] 19:40:52 • [DependencyControl] DependencyControl initialization took 1.286849 seconds so far...
[TRACE] 19:40:52 • [DependencyControl] DependencyControl initialization took 1.287814 seconds so far...
[TRACE] 19:40:52 • [DependencyControl] DependencyControl initialization took 1.288581 seconds so far...
[TRACE] 19:40:52 • [DependencyControl] DependencyControl initialization took 1.289350 seconds so far...
[TRACE] 19:40:52 • [DependencyControl] Writing config file 'G:\Aegisub Old\Light-Aegisub\Aegisub 3.2.2\config\l0.DependencyControl.json'...
[TRACE] 19:40:52 • [DependencyControl] Running scheduled update for module 'MotionHandler'...
[HINT] 19:40:52 • [DependencyControl] Starting update of module 'MotionHandler'... 
[TRACE] 19:40:52 • [DependencyControl] Writing config file 'G:\Aegisub Old\Light-Aegisub\Aegisub 3.2.2\config\l0.DependencyControl.json'...
[HINT] 19:40:52 • [DependencyControl] Trying 1 candidate feeds (normal mode)...
— [HINT] 19:40:52 • [DependencyControl] Checking feed 1/1 (https://raw.githubusercontent.com/TypesettingTools/Aegisub-Motion/DepCtrl/DependencyControl.json)...
— [TRACE] 19:40:52 • [DependencyControl] Using cached feed.
[HINT] 19:40:52 • [DependencyControl] Checking requirements...
— [HINT] 19:40:52 • [DependencyControl] Updating outdated module 'Line'...
— [HINT] 19:40:52 • [DependencyControl] Starting update of module 'Line'... 
— [HINT] 19:40:52 • [DependencyControl] Trying 2 candidate feeds (normal mode)...
—— [HINT] 19:40:52 • [DependencyControl] Checking feed 1/2 (https://raw.githubusercontent.com/TypesettingTools/Aegisub-Motion/DepCtrl/DependencyControl.json)...
—— [TRACE] 19:40:52 • [DependencyControl] Using cached feed.
— [HINT] 19:40:52 • [DependencyControl] Checking requirements...
—— [HINT] 19:40:52 • [DependencyControl] Updating outdated module 'Tags'...
—— [HINT] 19:40:52 • [DependencyControl] Starting update of module 'Tags'... 
—— [HINT] 19:40:52 • [DependencyControl] Trying 2 candidate feeds (normal mode)...
——— [HINT] 19:40:52 • [DependencyControl] Checking feed 1/2 (https://raw.githubusercontent.com/TypesettingTools/Aegisub-Motion/DepCtrl/DependencyControl.json)...
——— [TRACE] 19:40:52 • [DependencyControl] Using cached feed.
—— [HINT] 19:40:52 • [DependencyControl] Checking requirements...
——— [TRACE] 19:40:52 • [DependencyControl] DependencyControl initialization took 1.297927 seconds so far...
—— [HINT] 19:40:52 • [DependencyControl] Update ready. Using temporary directory 'C:\Users\asus\AppData\Local\Temp\\l0.DependencyControl_E33A'.
—— [TRACE] 19:40:52 • [DependencyControl] Added Download https://raw.githubusercontent.com/TypesettingTools/Aegisub-Motion/DepCtrl/src/Tags.moon ==> 'a-mo/Tags.moon'.
—— [HINT] 19:40:52 • [DependencyControl] Downloading 1 files... [■■■■■■■■■■]
—— [HINT] 19:40:55 • [DependencyControl] Downloads complete. Now moving files to Aegisub automation directory 'G:\Aegisub Old\Light-Aegisub\Aegisub 3.2.2\automation\include'...
——— [TRACE] 19:40:55 • [DependencyControl] File 'G:\Aegisub Old\Light-Aegisub\Aegisub 3.2.2\automation\include/a-mo/Tags.moon' already exists, overwriting...
——— [TRACE] 19:40:55 • [DependencyControl] Moved 'C:\Users\asus\AppData\Local\Temp\\l0.DependencyControl_E33A/script/a-mo/Tags.moon' ==> 'G:\Aegisub Old\Light-Aegisub\Aegisub 3.2.2\automation\include/a-mo/Tags.moon'.
—— [TRACE] 19:40:55 • [DependencyControl] Writing updated module data to config file...
—— [TRACE] 19:40:55 • [DependencyControl] Writing config file 'G:\Aegisub Old\Light-Aegisub\Aegisub 3.2.2\config\l0.DependencyControl.json'...
—— [TRACE] 19:40:55 • [DependencyControl] DependencyControl initialization took 1.304947 seconds so far...
—— [TRACE] 19:40:55 • [DependencyControl] DependencyControl initialization took 1.319366 seconds so far...
—— [TRACE] 19:40:55 • [DependencyControl] Writing config file 'G:\Aegisub Old\Light-Aegisub\Aegisub 3.2.2\config\l0.DependencyControl.json'...
—— [HINT] 19:40:55 • [DependencyControl] Update of module 'Tags' (v1.3.4) complete.
—— [HINT] 19:40:55 • [DependencyControl] Please rescan your autoload directory for the changes to take effect.
—— [TRACE] 19:40:55 • [DependencyControl] DependencyControl initialization took 1.332542 seconds so far...
— [HINT] 19:40:55 • [DependencyControl] Update ready. Using temporary directory 'C:\Users\asus\AppData\Local\Temp\\l0.DependencyControl_387F'.
— [TRACE] 19:40:55 • [DependencyControl] Added Download https://raw.githubusercontent.com/TypesettingTools/Aegisub-Motion/DepCtrl/src/Line.moon ==> 'a-mo/Line.moon'.
— [HINT] 19:40:55 • [DependencyControl] Downloading 1 files... [■■■■■■■■■■]
— [HINT] 19:40:58 • [DependencyControl] Downloads complete. Now moving files to Aegisub automation directory 'G:\Aegisub Old\Light-Aegisub\Aegisub 3.2.2\automation\include'...
—— [TRACE] 19:40:58 • [DependencyControl] File 'G:\Aegisub Old\Light-Aegisub\Aegisub 3.2.2\automation\include/a-mo/Line.moon' already exists, overwriting...
—— [TRACE] 19:40:58 • [DependencyControl] Moved 'C:\Users\asus\AppData\Local\Temp\\l0.DependencyControl_387F/script/a-mo/Line.moon' ==> 'G:\Aegisub Old\Light-Aegisub\Aegisub 3.2.2\automation\include/a-mo/Line.moon'.
— [TRACE] 19:40:58 • [DependencyControl] Writing updated module data to config file...
— [TRACE] 19:40:58 • [DependencyControl] Writing config file 'G:\Aegisub Old\Light-Aegisub\Aegisub 3.2.2\config\l0.DependencyControl.json'...
— [TRACE] 19:40:58 • [DependencyControl] DependencyControl initialization took 1.338818 seconds so far...
— [TRACE] 19:40:58 • [DependencyControl] DependencyControl initialization took 1.348244 seconds so far...
— [HINT] 19:40:58 • [DependencyControl] Update of module 'Line' (v1.5.3) complete.
— [HINT] 19:40:58 • [DependencyControl] Please rescan your autoload directory for the changes to take effect.
— [HINT] 19:40:58 • [DependencyControl] Updating outdated module 'LineCollection'...
— [HINT] 19:40:58 • [DependencyControl] Starting update of module 'LineCollection'... 
— [TRACE] 19:40:58 • [DependencyControl] Writing config file 'G:\Aegisub Old\Light-Aegisub\Aegisub 3.2.2\config\l0.DependencyControl.json'...
— [HINT] 19:40:58 • [DependencyControl] Trying 2 candidate feeds (normal mode)...
—— [HINT] 19:40:58 • [DependencyControl] Checking feed 1/2 (https://raw.githubusercontent.com/TypesettingTools/Aegisub-Motion/DepCtrl/DependencyControl.json)...
—— [TRACE] 19:40:58 • [DependencyControl] Using cached feed.
— [HINT] 19:40:58 • [DependencyControl] Checking requirements...
—— [TRACE] 19:40:58 • [DependencyControl] DependencyControl initialization took 1.361129 seconds so far...
— [HINT] 19:40:58 • [DependencyControl] Update ready. Using temporary directory 'C:\Users\asus\AppData\Local\Temp\\l0.DependencyControl_98F5'.
— [TRACE] 19:40:58 • [DependencyControl] Added Download https://raw.githubusercontent.com/TypesettingTools/Aegisub-Motion/DepCtrl/src/LineCollection.moon ==> 'a-mo/LineCollection.moon'.
— [HINT] 19:40:58 • [DependencyControl] Downloading 1 files... [■■■■■■■■■■]
— [HINT] 19:41:00 • [DependencyControl] Downloads complete. Now moving files to Aegisub automation directory 'G:\Aegisub Old\Light-Aegisub\Aegisub 3.2.2\automation\include'...
—— [TRACE] 19:41:00 • [DependencyControl] File 'G:\Aegisub Old\Light-Aegisub\Aegisub 3.2.2\automation\include/a-mo/LineCollection.moon' already exists, overwriting...
—— [TRACE] 19:41:00 • [DependencyControl] Moved 'C:\Users\asus\AppData\Local\Temp\\l0.DependencyControl_98F5/script/a-mo/LineCollection.moon' ==> 'G:\Aegisub Old\Light-Aegisub\Aegisub 3.2.2\automation\include/a-mo/LineCollection.moon'.
— [TRACE] 19:41:00 • [DependencyControl] Writing updated module data to config file...
— [TRACE] 19:41:00 • [DependencyControl] Writing config file 'G:\Aegisub Old\Light-Aegisub\Aegisub 3.2.2\config\l0.DependencyControl.json'...
— [TRACE] 19:41:00 • [DependencyControl] DependencyControl initialization took 1.364944 seconds so far...
— [TRACE] 19:41:00 • [DependencyControl] DependencyControl initialization took 1.375111 seconds so far...
— [TRACE] 19:41:00 • [DependencyControl] Writing config file 'G:\Aegisub Old\Light-Aegisub\Aegisub 3.2.2\config\l0.DependencyControl.json'...
— [HINT] 19:41:00 • [DependencyControl] Update of module 'LineCollection' (v1.3.0) complete.
— [HINT] 19:41:00 • [DependencyControl] Please rescan your autoload directory for the changes to take effect.
— [TRACE] 19:41:00 • [DependencyControl] DependencyControl initialization took 1.384918 seconds so far...
— [TRACE] 19:41:00 • [DependencyControl] DependencyControl initialization took 1.385983 seconds so far...
[HINT] 19:41:00 • [DependencyControl] Update ready. Using temporary directory 'C:\Users\asus\AppData\Local\Temp\\l0.DependencyControl_7776'.
[TRACE] 19:41:00 • [DependencyControl] Added Download https://raw.githubusercontent.com/TypesettingTools/Aegisub-Motion/DepCtrl/src/MotionHandler.moon ==> 'a-mo/MotionHandler.moon'.
[HINT] 19:41:00 • [DependencyControl] Downloading 1 files... [■■■■■■■■■■]
[HINT] 19:41:03 • [DependencyControl] Downloads complete. Now moving files to Aegisub automation directory 'G:\Aegisub Old\Light-Aegisub\Aegisub 3.2.2\automation\include'...
— [TRACE] 19:41:03 • [DependencyControl] File 'G:\Aegisub Old\Light-Aegisub\Aegisub 3.2.2\automation\include/a-mo/MotionHandler.moon' already exists, overwriting...
— [TRACE] 19:41:03 • [DependencyControl] Moved 'C:\Users\asus\AppData\Local\Temp\\l0.DependencyControl_7776/script/a-mo/MotionHandler.moon' ==> 'G:\Aegisub Old\Light-Aegisub\Aegisub 3.2.2\automation\include/a-mo/MotionHandler.moon'.
[HINT] 19:41:03 • [DependencyControl] update of module 'MotionHandler' succeeded, couldn't be located by the module loader.
[TRACE] 19:41:03 • [DependencyControl] DependencyControl initialization took 1.386829 seconds so far...
[TRACE] 19:41:03 • [DependencyControl] DependencyControl initialization took 1.387594 seconds so far...
[TRACE] 19:41:03 • [DependencyControl] DependencyControl initialization took 1.388664 seconds so far...
[TRACE] 19:41:03 • [DependencyControl] DependencyControl initialization took 1.390282 seconds so far...
