[TRACE] 19:33:13 • [DependencyControl] Couldn't find config file 'E:\Project\Aegisub\Light-Aegisub\Aegisub 3.2.2\config\l0.FileOps.json'.
[TRACE] 19:33:13 • [DependencyControl] DependencyControl initialization took 1.085868 seconds so far...
[TRACE] 19:33:13 • [DependencyControl] DependencyControl initialization took 1.086855 seconds so far...
[TRACE] 19:33:13 • [DependencyControl] DependencyControl initialization took 1.087722 seconds so far...
[TRACE] 19:33:13 • [DependencyControl] DependencyControl initialization took 1.088575 seconds so far...
[TRACE] 19:33:13 • [DependencyControl] DependencyControl initialization took 1.089457 seconds so far...
[TRACE] 19:33:13 • [DependencyControl] DependencyControl initialization took 1.090353 seconds so far...
[TRACE] 19:33:13 • [DependencyControl] DependencyControl initialization took 1.091242 seconds so far...
[TRACE] 19:33:14 • [DependencyControl] DependencyControl initialization took 1.532637 seconds so far...
[TRACE] 19:33:14 • [DependencyControl] Writing config file 'E:\Project\Aegisub\Light-Aegisub\Aegisub 3.2.2\config\l0.DependencyControl.json'...
[TRACE] 19:33:14 • [DependencyControl] Running scheduled update for module '(Almost) Functional Suite'...
[HINT] 19:33:14 • [DependencyControl] Starting update of module '(Almost) Functional Suite'... 
[TRACE] 19:33:14 • [DependencyControl] Writing config file 'E:\Project\Aegisub\Light-Aegisub\Aegisub 3.2.2\config\l0.DependencyControl.json'...
[HINT] 19:33:14 • [DependencyControl] Trying 1 candidate feeds (normal mode)...
— [HINT] 19:33:14 • [DependencyControl] Checking feed 1/1 (https://raw.githubusercontent.com/TypesettingTools/Functional/master/DependencyControl.json)...
— [TRACE] 19:33:14 • [DependencyControl] Downloaded feed to E:\Project\Aegisub\Light-Aegisub\Aegisub 3.2.2\feedDump\l0.UpdateFeed_BBC3.json.
— [TRACE] 19:33:14 • [DependencyControl] Feed has no new update.
[HINT] 19:33:14 • [DependencyControl] Module '(Almost) Functional Suite' is up-to-date (v0.6.0).
[TRACE] 19:33:14 • [DependencyControl] Writing config file 'E:\Project\Aegisub\Light-Aegisub\Aegisub 3.2.2\config\l0.DependencyControl.json'...
[TRACE] 19:33:14 • [DependencyControl] Writing config file 'E:\Project\Aegisub\Light-Aegisub\Aegisub 3.2.2\config\l0.DependencyControl.json'...
[TRACE] 19:33:14 • [DependencyControl] Running scheduled update for module 'AegiGui'...
[HINT] 19:33:14 • [DependencyControl] Starting update of module 'AegiGui'... 
[TRACE] 19:33:14 • [DependencyControl] Writing config file 'E:\Project\Aegisub\Light-Aegisub\Aegisub 3.2.2\config\l0.DependencyControl.json'...
[HINT] 19:33:14 • [DependencyControl] Trying 1 candidate feeds (normal mode)...
— [HINT] 19:33:14 • [DependencyControl] Checking feed 1/1 (https://raw.githubusercontent.com/PhosCity/Aegisub-Scripts/main/DependencyControl.json)...
— [TRACE] 19:33:14 • [DependencyControl] Downloaded feed to E:\Project\Aegisub\Light-Aegisub\Aegisub 3.2.2\feedDump\l0.UpdateFeed_15FE.json.
— [TRACE] 19:33:14 • [DependencyControl] Feed has no new update.
[HINT] 19:33:14 • [DependencyControl] Module 'AegiGui' is up-to-date (v1.0.0).
[TRACE] 19:33:14 • [DependencyControl] Writing config file 'E:\Project\Aegisub\Light-Aegisub\Aegisub 3.2.2\config\l0.DependencyControl.json'...
