[TRACE] 19:40:51 • [DependencyControl] Waiting for config file lock to be released (250 ms passed)... 
[TRACE] 19:40:51 • [DependencyControl] Lock was released after 250 ms.
[TRACE] 19:40:51 • [DependencyControl] Couldn't find config file 'G:\Aegisub Old\Light-Aegisub\Aegisub 3.2.2\config\l0.FileOps.json'.
[TRACE] 19:40:51 • [DependencyControl] DependencyControl initialization took 0.409117 seconds so far...
[TRACE] 19:40:51 • [DependencyControl] DependencyControl initialization took 0.410221 seconds so far...
[TRACE] 19:40:51 • [DependencyControl] DependencyControl initialization took 0.410956 seconds so far...
[TRACE] 19:40:51 • [DependencyControl] DependencyControl initialization took 0.411626 seconds so far...
[TRACE] 19:40:51 • [DependencyControl] DependencyControl initialization took 0.412456 seconds so far...
[TRACE] 19:40:51 • [DependencyControl] DependencyControl initialization took 0.413207 seconds so far...
[TRACE] 19:40:51 • [DependencyControl] DependencyControl initialization took 0.413926 seconds so far...
[TRACE] 19:40:51 • [DependencyControl] DependencyControl initialization took 0.908667 seconds so far...
[TRACE] 19:40:51 • [DependencyControl] DependencyControl initialization took 0.909651 seconds so far...
[TRACE] 19:40:51 • [DependencyControl] DependencyControl initialization took 0.910829 seconds so far...
[TRACE] 19:40:51 • [DependencyControl] DependencyControl initialization took 0.911648 seconds so far...
[TRACE] 19:40:51 • [DependencyControl] DependencyControl initialization took 0.912924 seconds so far...
[TRACE] 19:40:51 • [DependencyControl] DependencyControl initialization took 0.913831 seconds so far...
[TRACE] 19:40:51 • [DependencyControl] DependencyControl initialization took 0.915033 seconds so far...
[TRACE] 19:40:51 • [DependencyControl] Writing config file 'G:\Aegisub Old\Light-Aegisub\Aegisub 3.2.2\config\l0.DependencyControl.json'...
[TRACE] 19:40:51 • [DependencyControl] Running scheduled update for module 'DataWrapper'...
[HINT] 19:40:51 • [DependencyControl] Starting update of module 'DataWrapper'... 
[TRACE] 19:40:52 • [DependencyControl] Waiting for config file lock to be released (250 ms passed)... 
[TRACE] 19:40:52 • [DependencyControl] Lock was released after 350 ms.
[TRACE] 19:40:52 • [DependencyControl] Writing config file 'G:\Aegisub Old\Light-Aegisub\Aegisub 3.2.2\config\l0.DependencyControl.json'...
[HINT] 19:40:52 • [DependencyControl] Trying 1 candidate feeds (normal mode)...
— [HINT] 19:40:52 • [DependencyControl] Checking feed 1/1 (https://raw.githubusercontent.com/TypesettingTools/Aegisub-Motion/DepCtrl/DependencyControl.json)...
— [TRACE] 19:40:54 • [DependencyControl] Downloaded feed to G:\Aegisub Old\Light-Aegisub\Aegisub 3.2.2\feedDump\l0.UpdateFeed_F4B9.json.
— [TRACE] 19:40:54 • [DependencyControl] Feed has no new update.
[HINT] 19:40:54 • [DependencyControl] Module 'DataWrapper' is up-to-date (v1.0.2).
[TRACE] 19:40:54 • [DependencyControl] DependencyControl initialization took 0.916789 seconds so far...
[TRACE] 19:40:54 • [DependencyControl] DependencyControl initialization took 0.917632 seconds so far...
[TRACE] 19:40:54 • [DependencyControl] DependencyControl initialization took 0.918555 seconds so far...
[TRACE] 19:40:54 • [DependencyControl] DependencyControl initialization took 0.919288 seconds so far...
[TRACE] 19:40:54 • [DependencyControl] DependencyControl initialization took 0.920024 seconds so far...
[TRACE] 19:40:54 • [DependencyControl] DependencyControl initialization took 0.920778 seconds so far...
[TRACE] 19:40:54 • [DependencyControl] DependencyControl initialization took 0.921514 seconds so far...
[TRACE] 19:40:54 • [DependencyControl] DependencyControl initialization took 0.922365 seconds so far...
[TRACE] 19:40:54 • [DependencyControl] DependencyControl initialization took 0.922975 seconds so far...
[TRACE] 19:40:54 • [DependencyControl] Writing config file 'G:\Aegisub Old\Light-Aegisub\Aegisub 3.2.2\config\l0.DependencyControl.json'...
[TRACE] 19:40:54 • [DependencyControl] DependencyControl initialization took 0.930905 seconds so far...
[TRACE] 19:40:54 • [DependencyControl] DependencyControl initialization took 0.931794 seconds so far...
[TRACE] 19:40:54 • [DependencyControl] DependencyControl initialization took 0.932867 seconds so far...
[TRACE] 19:40:54 • [DependencyControl] DependencyControl initialization took 0.933452 seconds so far...
[TRACE] 19:40:54 • [DependencyControl] DependencyControl initialization took 0.934080 seconds so far...
[TRACE] 19:40:54 • [DependencyControl] DependencyControl initialization took 0.935902 seconds so far...
[TRACE] 19:40:54 • [DependencyControl] DependencyControl initialization took 0.936580 seconds so far...
[TRACE] 19:40:54 • [DependencyControl] Writing config file 'G:\Aegisub Old\Light-Aegisub\Aegisub 3.2.2\config\l0.DependencyControl.json'...
[TRACE] 19:40:54 • [DependencyControl] Running scheduled update for module 'Statistics'...
[HINT] 19:40:54 • [DependencyControl] Starting update of module 'Statistics'... 
[TRACE] 19:40:54 • [DependencyControl] Writing config file 'G:\Aegisub Old\Light-Aegisub\Aegisub 3.2.2\config\l0.DependencyControl.json'...
[HINT] 19:40:54 • [DependencyControl] Trying 1 candidate feeds (normal mode)...
— [HINT] 19:40:54 • [DependencyControl] Checking feed 1/1 (https://raw.githubusercontent.com/TypesettingTools/Aegisub-Motion/DepCtrl/DependencyControl.json)...
— [TRACE] 19:40:54 • [DependencyControl] Using cached feed.
— [TRACE] 19:40:54 • [DependencyControl] Feed has no new update.
[HINT] 19:40:54 • [DependencyControl] Module 'Statistics' is up-to-date (v0.1.3).
[TRACE] 19:40:54 • [DependencyControl] DependencyControl initialization took 0.937407 seconds so far...
[TRACE] 19:40:54 • [DependencyControl] DependencyControl initialization took 0.938129 seconds so far...
[TRACE] 19:40:54 • [DependencyControl] Writing config file 'G:\Aegisub Old\Light-Aegisub\Aegisub 3.2.2\config\l0.DependencyControl.json'...
[TRACE] 19:40:54 • [DependencyControl] Writing config file 'G:\Aegisub Old\Light-Aegisub\Aegisub 3.2.2\config\l0.DependencyControl.json'...
[TRACE] 19:40:54 • [DependencyControl] Running scheduled update for module 'TrimHandler'...
[HINT] 19:40:54 • [DependencyControl] Starting update of module 'TrimHandler'... 
[TRACE] 19:40:54 • [DependencyControl] Writing config file 'G:\Aegisub Old\Light-Aegisub\Aegisub 3.2.2\config\l0.DependencyControl.json'...
[HINT] 19:40:54 • [DependencyControl] Trying 1 candidate feeds (normal mode)...
— [HINT] 19:40:54 • [DependencyControl] Checking feed 1/1 (https://raw.githubusercontent.com/TypesettingTools/Aegisub-Motion/DepCtrl/DependencyControl.json)...
— [TRACE] 19:40:54 • [DependencyControl] Using cached feed.
— [TRACE] 19:40:54 • [DependencyControl] Feed has no new update.
[HINT] 19:40:54 • [DependencyControl] Module 'TrimHandler' is up-to-date (v1.0.5).
[TRACE] 19:40:54 • [DependencyControl] Writing config file 'G:\Aegisub Old\Light-Aegisub\Aegisub 3.2.2\config\l0.DependencyControl.json'...
