[TRACE] 19:33:12 • [DependencyControl] Couldn't find config file 'E:\Project\Aegisub\Light-Aegisub\Aegisub 3.2.2\config\l0.FileOps.json'.
[TRACE] 19:33:12 • [DependencyControl] DependencyControl initialization took 0.273053 seconds so far...
[TRACE] 19:33:12 • [DependencyControl] DependencyControl initialization took 0.274773 seconds so far...
[TRACE] 19:33:12 • [DependencyControl] DependencyControl initialization took 0.276257 seconds so far...
[TRACE] 19:33:12 • [DependencyControl] DependencyControl initialization took 0.279569 seconds so far...
[TRACE] 19:33:12 • [DependencyControl] Writing config file 'E:\Project\Aegisub\Light-Aegisub\Aegisub 3.2.2\config\l0.DependencyControl.json'...
[TRACE] 19:33:12 • [DependencyControl] Running scheduled update for module 'PreciseTimer'...
[HINT] 19:33:12 • [DependencyControl] Starting update of module 'PreciseTimer'... 
[HINT] 19:33:12 • [DependencyControl] Skipped update of module 'PreciseTimer': Another update initiated by ua.ScriptCleanup is already running.
[TRACE] 19:33:12 • [DependencyControl] DependencyControl initialization took 0.280834 seconds so far...
[TRACE] 19:33:12 • [DependencyControl] Writing config file 'E:\Project\Aegisub\Light-Aegisub\Aegisub 3.2.2\config\l0.DependencyControl.json'...
[TRACE] 19:33:12 • [DependencyControl] Running scheduled update for module 'requireffi'...
[HINT] 19:33:12 • [DependencyControl] Starting update of module 'requireffi'... 
[HINT] 19:33:12 • [DependencyControl] Skipped update of module 'requireffi': Another update initiated by ua.ScriptCleanup is already running.
[TRACE] 19:33:12 • [DependencyControl] DependencyControl initialization took 0.283950 seconds so far...
[TRACE] 19:33:12 • [DependencyControl] Writing updated module data to config file...
[TRACE] 19:33:12 • [DependencyControl] Writing config file 'E:\Project\Aegisub\Light-Aegisub\Aegisub 3.2.2\config\l0.DependencyControl.json'...
[TRACE] 19:33:12 • [DependencyControl] DependencyControl initialization took 0.290233 seconds so far...
[TRACE] 19:33:13 • [DependencyControl] Writing updated module data to config file...
[TRACE] 19:33:13 • [DependencyControl] Writing config file 'E:\Project\Aegisub\Light-Aegisub\Aegisub 3.2.2\config\l0.DependencyControl.json'...
[TRACE] 19:33:13 • [DependencyControl] DependencyControl initialization took 0.294318 seconds so far...
[TRACE] 19:33:13 • [DependencyControl] DependencyControl initialization took 0.307365 seconds so far...
[TRACE] 19:33:13 • [DependencyControl] Writing updated module data to config file...
[TRACE] 19:33:13 • [DependencyControl] Writing config file 'E:\Project\Aegisub\Light-Aegisub\Aegisub 3.2.2\config\l0.DependencyControl.json'...
[TRACE] 19:33:13 • [DependencyControl] DependencyControl initialization took 0.315764 seconds so far...
