[TRACE] 19:48:36 • [DependencyControl] Lock was released after 150 ms.
[TRACE] 19:48:36 • [DependencyControl] Couldn't find config file 'G:\Aegisub Old\Aegisub 3.2.2\config\l0.FileOps.json'.
[TRACE] 19:48:36 • [DependencyControl] DependencyControl initialization took 0.357117 seconds so far...
[TRACE] 19:48:36 • [DependencyControl] DependencyControl initialization took 0.358634 seconds so far...
[TRACE] 19:48:36 • [DependencyControl] DependencyControl initialization took 0.359629 seconds so far...
[TRACE] 19:48:36 • [DependencyControl] DependencyControl initialization took 0.360641 seconds so far...
[TRACE] 19:48:36 • [DependencyControl] DependencyControl initialization took 0.361604 seconds so far...
[TRACE] 19:48:36 • [DependencyControl] DependencyControl initialization took 0.362505 seconds so far...
[TRACE] 19:48:36 • [DependencyControl] Writing updated module data to config file...
[TRACE] 19:48:36 • [DependencyControl] Writing config file 'G:\Aegisub Old\Aegisub 3.2.2\config\l0.DependencyControl.json'...
[TRACE] 19:48:36 • [DependencyControl] DependencyControl initialization took 0.365685 seconds so far...
[TRACE] 19:48:36 • [DependencyControl] DependencyControl initialization took 0.373270 seconds so far...
[TRACE] 19:48:36 • [DependencyControl] Writing updated module data to config file...
[TRACE] 19:48:36 • [DependencyControl] Writing config file 'G:\Aegisub Old\Aegisub 3.2.2\config\l0.DependencyControl.json'...
[TRACE] 19:48:36 • [DependencyControl] DependencyControl initialization took 0.501382 seconds so far...
[TRACE] 19:48:36 • [DependencyControl] Writing updated module data to config file...
[TRACE] 19:48:36 • [DependencyControl] Writing config file 'G:\Aegisub Old\Aegisub 3.2.2\config\l0.DependencyControl.json'...
[TRACE] 19:48:36 • [DependencyControl] DependencyControl initialization took 0.509822 seconds so far...
[TRACE] 19:48:36 • [DependencyControl] Writing updated module data to config file...
[TRACE] 19:48:36 • [DependencyControl] Writing config file 'G:\Aegisub Old\Aegisub 3.2.2\config\l0.DependencyControl.json'...
[TRACE] 19:48:36 • [DependencyControl] DependencyControl initialization took 0.694783 seconds so far...
