[TRACE] 18:59:16 • [DependencyControl] Lock was released after 50 ms.
[TRACE] 18:59:16 • [DependencyControl] Couldn't find config file 'G:\Aegisub Old\Light-Aegisub\Aegisub 3.2.2\config\l0.FileOps.json'.
[TRACE] 18:59:16 • [DependencyControl] DependencyControl initialization took 0.100546 seconds so far...
[TRACE] 18:59:16 • [DependencyControl] DependencyControl initialization took 0.104175 seconds so far...
[TRACE] 18:59:16 • [DependencyControl] DependencyControl initialization took 0.105617 seconds so far...
[TRACE] 18:59:16 • [DependencyControl] DependencyControl initialization took 0.107001 seconds so far...
[TRACE] 18:59:16 • [DependencyControl] DependencyControl initialization took 0.108419 seconds so far...
[TRACE] 18:59:16 • [DependencyControl] Writing updated macro data to config file...
[TRACE] 18:59:16 • [DependencyControl] Writing config file 'G:\Aegisub Old\Light-Aegisub\Aegisub 3.2.2\config\l0.DependencyControl.json'...
[TRACE] 18:59:16 • [DependencyControl] DependencyControl initialization took 0.114502 seconds so far...
[TRACE] 18:59:16 • [DependencyControl] Writing updated module data to config file...
[TRACE] 18:59:16 • [DependencyControl] Writing config file 'G:\Aegisub Old\Light-Aegisub\Aegisub 3.2.2\config\l0.DependencyControl.json'...
[TRACE] 18:59:16 • [DependencyControl] DependencyControl initialization took 0.120292 seconds so far...
[TRACE] 18:59:17 • [DependencyControl] Writing updated module data to config file...
[TRACE] 18:59:17 • [DependencyControl] Writing config file 'G:\Aegisub Old\Light-Aegisub\Aegisub 3.2.2\config\l0.DependencyControl.json'...
[TRACE] 18:59:17 • [DependencyControl] DependencyControl initialization took 0.746075 seconds so far...
[TRACE] 18:59:17 • [DependencyControl] Writing config file 'G:\Aegisub Old\Light-Aegisub\Aegisub 3.2.2\config\l0.DependencyControl.json'...
[TRACE] 18:59:17 • [DependencyControl] Running scheduled update for module '(Almost) Functional Suite'...
[HINT] 18:59:17 • [DependencyControl] Starting update of module '(Almost) Functional Suite'... 
[TRACE] 18:59:17 • [DependencyControl] Lock was released after 50 ms.
[TRACE] 18:59:17 • [DependencyControl] Writing config file 'G:\Aegisub Old\Light-Aegisub\Aegisub 3.2.2\config\l0.DependencyControl.json'...
[HINT] 18:59:17 • [DependencyControl] Trying 1 candidate feeds (normal mode)...
— [HINT] 18:59:17 • [DependencyControl] Checking feed 1/1 (https://raw.githubusercontent.com/TypesettingTools/Functional/master/DependencyControl.json)...
— [TRACE] 18:59:17 • [DependencyControl] Downloaded feed to G:\Aegisub Old\Light-Aegisub\Aegisub 3.2.2\feedDump\l0.UpdateFeed_ABD9.json.
— [TRACE] 18:59:17 • [DependencyControl] Feed has no new update.
[HINT] 18:59:17 • [DependencyControl] Module '(Almost) Functional Suite' is up-to-date (v0.6.0).
[TRACE] 18:59:17 • [DependencyControl] Writing config file 'G:\Aegisub Old\Light-Aegisub\Aegisub 3.2.2\config\l0.DependencyControl.json'...
[TRACE] 18:59:17 • [DependencyControl] Writing config file 'G:\Aegisub Old\Light-Aegisub\Aegisub 3.2.2\config\l0.DependencyControl.json'...
[TRACE] 18:59:17 • [DependencyControl] Running scheduled update for module 'AegiGui'...
[HINT] 18:59:17 • [DependencyControl] Starting update of module 'AegiGui'... 
[TRACE] 18:59:17 • [DependencyControl] Writing config file 'G:\Aegisub Old\Light-Aegisub\Aegisub 3.2.2\config\l0.DependencyControl.json'...
[HINT] 18:59:17 • [DependencyControl] Trying 1 candidate feeds (normal mode)...
— [HINT] 18:59:17 • [DependencyControl] Checking feed 1/1 (https://raw.githubusercontent.com/PhosCity/Aegisub-Scripts/main/DependencyControl.json)...
— [TRACE] 18:59:18 • [DependencyControl] Downloaded feed to G:\Aegisub Old\Light-Aegisub\Aegisub 3.2.2\feedDump\l0.UpdateFeed_9395.json.
— [TRACE] 18:59:18 • [DependencyControl] Feed has no new update.
[HINT] 18:59:18 • [DependencyControl] Module 'AegiGui' is up-to-date (v1.0.0).
[TRACE] 18:59:18 • [DependencyControl] Writing config file 'G:\Aegisub Old\Light-Aegisub\Aegisub 3.2.2\config\l0.DependencyControl.json'...
