[TRACE] 19:41:15 • [DependencyControl] Couldn't find config file 'G:\Aegisub Old\Light-Aegisub\Aegisub 3.2.2\config\l0.FileOps.json'.
[TRACE] 19:41:15 • [DependencyControl] DependencyControl initialization took 0.325817 seconds so far...
[TRACE] 19:41:15 • [DependencyControl] DependencyControl initialization took 0.387531 seconds so far...
[TRACE] 19:41:15 • [DependencyControl] DependencyControl initialization took 0.388208 seconds so far...
[TRACE] 19:41:15 • [DependencyControl] DependencyControl initialization took 0.388873 seconds so far...
[TRACE] 19:41:15 • [DependencyControl] DependencyControl initialization took 0.389518 seconds so far...
[TRACE] 19:41:15 • [DependencyControl] DependencyControl initialization took 0.390265 seconds so far...
[TRACE] 19:41:15 • [DependencyControl] DependencyControl initialization took 0.391031 seconds so far...
[TRACE] 19:41:15 • [DependencyControl] DependencyControl initialization took 0.514256 seconds so far...
[TRACE] 19:41:15 • [DependencyControl] DependencyControl initialization took 0.515155 seconds so far...
[TRACE] 19:41:15 • [DependencyControl] DependencyControl initialization took 0.516405 seconds so far...
[TRACE] 19:41:15 • [DependencyControl] DependencyControl initialization took 0.517348 seconds so far...
[TRACE] 19:41:15 • [DependencyControl] DependencyControl initialization took 0.518531 seconds so far...
[TRACE] 19:41:15 • [DependencyControl] DependencyControl initialization took 0.519348 seconds so far...
[TRACE] 19:41:15 • [DependencyControl] DependencyControl initialization took 0.520338 seconds so far...
[TRACE] 19:41:15 • [DependencyControl] DependencyControl initialization took 0.521207 seconds so far...
[TRACE] 19:41:15 • [DependencyControl] DependencyControl initialization took 0.522323 seconds so far...
[TRACE] 19:41:15 • [DependencyControl] DependencyControl initialization took 0.523434 seconds so far...
[TRACE] 19:41:15 • [DependencyControl] DependencyControl initialization took 0.524517 seconds so far...
[TRACE] 19:41:15 • [DependencyControl] DependencyControl initialization took 0.711559 seconds so far...
[TRACE] 19:41:15 • [DependencyControl] DependencyControl initialization took 0.713959 seconds so far...
[TRACE] 19:41:15 • [DependencyControl] DependencyControl initialization took 0.715268 seconds so far...
[TRACE] 19:41:15 • [DependencyControl] DependencyControl initialization took 0.716248 seconds so far...
[TRACE] 19:41:15 • [DependencyControl] DependencyControl initialization took 0.777565 seconds so far...
[TRACE] 19:41:15 • [DependencyControl] DependencyControl initialization took 0.778634 seconds so far...
[TRACE] 19:41:15 • [DependencyControl] DependencyControl initialization took 0.779658 seconds so far...
[TRACE] 19:41:15 • [DependencyControl] DependencyControl initialization took 0.779774 seconds so far...
[HINT] 19:41:15 • [DependencyControl] Fetching required module 'a-mo.MotionHandler'...
[HINT] 19:41:15 • [DependencyControl] Starting download of module 'a-mo.MotionHandler'... 
[TRACE] 19:41:15 • [DependencyControl] Writing config file 'G:\Aegisub Old\Light-Aegisub\Aegisub 3.2.2\config\l0.DependencyControl.json'...
[HINT] 19:41:15 • [DependencyControl] Trying 1 candidate feeds (normal mode)...
— [HINT] 19:41:15 • [DependencyControl] Checking feed 1/1 (https://raw.githubusercontent.com/TypesettingTools/Aegisub-Motion/DepCtrl/DependencyControl.json)...
— [TRACE] 19:41:17 • [DependencyControl] Downloaded feed to G:\Aegisub Old\Light-Aegisub\Aegisub 3.2.2\feedDump\l0.UpdateFeed_A400.json.
[HINT] 19:41:17 • [DependencyControl] Checking requirements...
— [TRACE] 19:41:17 • [DependencyControl] DependencyControl initialization took 0.781001 seconds so far...
— [TRACE] 19:41:17 • [DependencyControl] DependencyControl initialization took 0.782369 seconds so far...
[HINT] 19:41:17 • [DependencyControl] Update ready. Using temporary directory 'C:\Users\asus\AppData\Local\Temp\\l0.DependencyControl_532D'.
[TRACE] 19:41:17 • [DependencyControl] Skipped unchanged file 'a-mo/MotionHandler.moon'.
[HINT] 19:41:17 • [DependencyControl] Downloads complete. Now moving files to Aegisub automation directory 'G:\Aegisub Old\Light-Aegisub\Aegisub 3.2.2\automation\include'...
[HINT] 19:41:17 • [DependencyControl] fetch of module 'a-mo.MotionHandler' succeeded, couldn't be located by the module loader.
[TRACE] 19:41:17 • [DependencyControl] DependencyControl initialization took 0.783281 seconds so far...
[TRACE] 19:41:17 • [DependencyControl] DependencyControl initialization took 0.784142 seconds so far...
[TRACE] 19:41:17 • [DependencyControl] Writing config file 'G:\Aegisub Old\Light-Aegisub\Aegisub 3.2.2\config\l0.DependencyControl.json'...
[TRACE] 19:41:17 • [DependencyControl] DependencyControl initialization took 0.788122 seconds so far...
[TRACE] 19:41:17 • [DependencyControl] DependencyControl initialization took 0.789041 seconds so far...
[ERROR] 19:41:17 • [DependencyControl] Error: one or more of the modules required by Aegisub-Motion could not be found on your system:
— a-mo.MotionHandler  (v1.1.7)
—— Reason: fetch of module 'a-mo.MotionHandler' succeeded, couldn't be located by the module loader.
nil
