[TRACE] 19:51:52 • [DependencyControl] Waiting for config file lock to be released (250 ms passed)... 
[TRACE] 19:51:52 • [DependencyControl] Lock was released after 250 ms.
[TRACE] 19:51:52 • [DependencyControl] Couldn't find config file 'G:\Aegisub Old\Aegisub 3.2.2\config\l0.FileOps.json'.
[TRACE] 19:51:52 • [DependencyControl] DependencyControl initialization took 0.506175 seconds so far...
[TRACE] 19:51:52 • [DependencyControl] DependencyControl initialization took 0.688915 seconds so far...
[TRACE] 19:51:52 • [DependencyControl] DependencyControl initialization took 0.691670 seconds so far...
[TRACE] 19:51:52 • [DependencyControl] DependencyControl initialization took 0.692739 seconds so far...
[TRACE] 19:51:52 • [DependencyControl] DependencyControl initialization took 0.693867 seconds so far...
[TRACE] 19:51:52 • [DependencyControl] DependencyControl initialization took 0.694869 seconds so far...
[TRACE] 19:51:52 • [DependencyControl] DependencyControl initialization took 0.695867 seconds so far...
[TRACE] 19:51:52 • [DependencyControl] DependencyControl initialization took 0.696931 seconds so far...
[TRACE] 19:51:52 • [DependencyControl] DependencyControl initialization took 0.698146 seconds so far...
[TRACE] 19:51:52 • [DependencyControl] DependencyControl initialization took 0.699531 seconds so far...
[TRACE] 19:51:52 • [DependencyControl] DependencyControl initialization took 0.700890 seconds so far...
[TRACE] 19:51:52 • [DependencyControl] DependencyControl initialization took 0.701069 seconds so far...
[HINT] 19:51:52 • [DependencyControl] Fetching required module 'a-mo.ShakeShapeHandler'...
[HINT] 19:51:52 • [DependencyControl] Starting download of module 'a-mo.ShakeShapeHandler'... 
[TRACE] 19:51:52 • [DependencyControl] Writing config file 'G:\Aegisub Old\Aegisub 3.2.2\config\l0.DependencyControl.json'...
[HINT] 19:51:52 • [DependencyControl] Trying 1 candidate feeds (normal mode)...
— [HINT] 19:51:52 • [DependencyControl] Checking feed 1/1 (https://raw.githubusercontent.com/TypesettingTools/Aegisub-Motion/DepCtrl/DependencyControl.json)...
— [TRACE] 19:51:53 • [DependencyControl] Downloaded feed to G:\Aegisub Old\Aegisub 3.2.2\feedDump\l0.UpdateFeed_E348.json.
[HINT] 19:51:53 • [DependencyControl] Checking requirements...
— [TRACE] 19:51:53 • [DependencyControl] DependencyControl initialization took 0.702643 seconds so far...
[HINT] 19:51:53 • [DependencyControl] Update ready. Using temporary directory 'C:\Users\asus\AppData\Local\Temp\\l0.DependencyControl_867C'.
[TRACE] 19:51:53 • [DependencyControl] Skipped unchanged file 'a-mo/ShakeShapeHandler.moon'.
[HINT] 19:51:53 • [DependencyControl] Downloads complete. Now moving files to Aegisub automation directory 'G:\Aegisub Old\Aegisub 3.2.2\automation\include'...
[HINT] 19:51:53 • [DependencyControl] fetch of module 'a-mo.ShakeShapeHandler' succeeded, couldn't be located by the module loader.
[TRACE] 19:51:53 • [DependencyControl] Writing config file 'G:\Aegisub Old\Aegisub 3.2.2\config\l0.DependencyControl.json'...
[ERROR] 19:51:53 • [DependencyControl] Error: one or more of the modules required by DataWrapper could not be found on your system:
— a-mo.ShakeShapeHandler  (v1.0.1)
—— Reason: fetch of module 'a-mo.ShakeShapeHandler' succeeded, couldn't be located by the module loader.
nil
