[TRACE] 19:47:16 • [DependencyControl] Couldn't find config file 'G:\Aegisub Old\Aegisub 3.2.2\config\l0.FileOps.json'.
[TRACE] 19:47:16 • [DependencyControl] DependencyControl initialization took 0.155729 seconds so far...
[TRACE] 19:47:16 • [DependencyControl] DependencyControl initialization took 0.158118 seconds so far...
[TRACE] 19:47:16 • [DependencyControl] DependencyControl initialization took 0.159734 seconds so far...
[TRACE] 19:47:17 • [DependencyControl] DependencyControl initialization took 0.658705 seconds so far...
[TRACE] 19:47:17 • [DependencyControl] DependencyControl initialization took 0.659789 seconds so far...
[TRACE] 19:47:17 • [DependencyControl] Writing updated macro data to config file...
[TRACE] 19:47:17 • [DependencyControl] Writing config file 'G:\Aegisub Old\Aegisub 3.2.2\config\l0.DependencyControl.json'...
[TRACE] 19:47:17 • [DependencyControl] DependencyControl initialization took 0.662343 seconds so far...
[TRACE] 19:47:17 • [DependencyControl] DependencyControl initialization took 0.663250 seconds so far...
[TRACE] 19:47:17 • [DependencyControl] DependencyControl initialization took 0.664095 seconds so far...
[TRACE] 19:47:17 • [DependencyControl] Writing updated module data to config file...
[TRACE] 19:47:17 • [DependencyControl] Writing config file 'G:\Aegisub Old\Aegisub 3.2.2\config\l0.DependencyControl.json'...
[TRACE] 19:47:17 • [DependencyControl] DependencyControl initialization took 0.666729 seconds so far...
[TRACE] 19:47:17 • [DependencyControl] DependencyControl initialization took 0.674315 seconds so far...
[TRACE] 19:47:17 • [DependencyControl] Writing updated module data to config file...
[TRACE] 19:47:17 • [DependencyControl] Writing config file 'G:\Aegisub Old\Aegisub 3.2.2\config\l0.DependencyControl.json'...
[TRACE] 19:47:17 • [DependencyControl] DependencyControl initialization took 0.676770 seconds so far...
[TRACE] 19:47:17 • [DependencyControl] DependencyControl initialization took 0.687298 seconds so far...
[TRACE] 19:47:17 • [DependencyControl] Writing config file 'G:\Aegisub Old\Aegisub 3.2.2\config\l0.DependencyControl.json'...
[TRACE] 19:47:17 • [DependencyControl] Running scheduled update for module 'DataHandler'...
[HINT] 19:47:17 • [DependencyControl] Starting update of module 'DataHandler'... 
[TRACE] 19:47:17 • [DependencyControl] Lock was released after 50 ms.
[TRACE] 19:47:17 • [DependencyControl] Writing config file 'G:\Aegisub Old\Aegisub 3.2.2\config\l0.DependencyControl.json'...
[HINT] 19:47:17 • [DependencyControl] Trying 1 candidate feeds (normal mode)...
— [HINT] 19:47:17 • [DependencyControl] Checking feed 1/1 (https://raw.githubusercontent.com/TypesettingTools/Aegisub-Motion/DepCtrl/DependencyControl.json)...
— [TRACE] 19:47:18 • [DependencyControl] Downloaded feed to G:\Aegisub Old\Aegisub 3.2.2\feedDump\l0.UpdateFeed_D70B.json.
— [TRACE] 19:47:18 • [DependencyControl] Feed has no new update.
[HINT] 19:47:18 • [DependencyControl] Module 'DataHandler' is up-to-date (v1.0.5).
[TRACE] 19:47:19 • [DependencyControl] DependencyControl initialization took 0.688776 seconds so far...
[TRACE] 19:47:19 • [DependencyControl] DependencyControl initialization took 0.689893 seconds so far...
[TRACE] 19:47:19 • [DependencyControl] Writing config file 'G:\Aegisub Old\Aegisub 3.2.2\config\l0.DependencyControl.json'...
[TRACE] 19:47:19 • [DependencyControl] Writing config file 'G:\Aegisub Old\Aegisub 3.2.2\config\l0.DependencyControl.json'...
[TRACE] 19:47:19 • [DependencyControl] Running scheduled update for module 'DataWrapper'...
[HINT] 19:47:19 • [DependencyControl] Starting update of module 'DataWrapper'... 
[TRACE] 19:47:19 • [DependencyControl] Writing config file 'G:\Aegisub Old\Aegisub 3.2.2\config\l0.DependencyControl.json'...
[HINT] 19:47:19 • [DependencyControl] Trying 1 candidate feeds (normal mode)...
— [HINT] 19:47:19 • [DependencyControl] Checking feed 1/1 (https://raw.githubusercontent.com/TypesettingTools/Aegisub-Motion/DepCtrl/DependencyControl.json)...
— [TRACE] 19:47:19 • [DependencyControl] Using cached feed.
— [TRACE] 19:47:19 • [DependencyControl] Feed has no new update.
[HINT] 19:47:19 • [DependencyControl] Module 'DataWrapper' is up-to-date (v1.0.2).
[TRACE] 19:47:19 • [DependencyControl] Writing updated module data to config file...
[TRACE] 19:47:19 • [DependencyControl] Writing config file 'G:\Aegisub Old\Aegisub 3.2.2\config\l0.DependencyControl.json'...
[TRACE] 19:47:19 • [DependencyControl] DependencyControl initialization took 0.693204 seconds so far...
[TRACE] 19:47:19 • [DependencyControl] DependencyControl initialization took 0.702307 seconds so far...
[TRACE] 19:47:19 • [DependencyControl] Writing updated module data to config file...
[TRACE] 19:47:19 • [DependencyControl] Writing config file 'G:\Aegisub Old\Aegisub 3.2.2\config\l0.DependencyControl.json'...
[TRACE] 19:47:19 • [DependencyControl] DependencyControl initialization took 0.705573 seconds so far...
[TRACE] 19:47:19 • [DependencyControl] DependencyControl initialization took 0.713327 seconds so far...
[TRACE] 19:47:19 • [DependencyControl] Writing updated module data to config file...
[TRACE] 19:47:19 • [DependencyControl] Writing config file 'G:\Aegisub Old\Aegisub 3.2.2\config\l0.DependencyControl.json'...
[TRACE] 19:47:19 • [DependencyControl] DependencyControl initialization took 0.716553 seconds so far...
[TRACE] 19:47:19 • [DependencyControl] DependencyControl initialization took 0.726817 seconds so far...
[TRACE] 19:47:19 • [DependencyControl] Writing updated module data to config file...
[TRACE] 19:47:19 • [DependencyControl] Writing config file 'G:\Aegisub Old\Aegisub 3.2.2\config\l0.DependencyControl.json'...
[TRACE] 19:47:19 • [DependencyControl] DependencyControl initialization took 0.729898 seconds so far...
[TRACE] 19:47:19 • [DependencyControl] DependencyControl initialization took 0.739897 seconds so far...
[TRACE] 19:47:19 • [DependencyControl] Writing updated module data to config file...
[TRACE] 19:47:19 • [DependencyControl] Writing config file 'G:\Aegisub Old\Aegisub 3.2.2\config\l0.DependencyControl.json'...
[TRACE] 19:47:19 • [DependencyControl] DependencyControl initialization took 0.743968 seconds so far...
[TRACE] 19:47:19 • [DependencyControl] Writing config file 'G:\Aegisub Old\Aegisub 3.2.2\config\l0.DependencyControl.json'...
[TRACE] 19:47:19 • [DependencyControl] Running scheduled update for module 'Tags'...
[HINT] 19:47:19 • [DependencyControl] Starting update of module 'Tags'... 
[HINT] 19:47:19 • [DependencyControl] Trying 1 candidate feeds (normal mode)...
— [HINT] 19:47:19 • [DependencyControl] Checking feed 1/1 (https://raw.githubusercontent.com/TypesettingTools/Aegisub-Motion/DepCtrl/DependencyControl.json)...
— [TRACE] 19:47:19 • [DependencyControl] Using cached feed.
[HINT] 19:47:19 • [DependencyControl] Checking requirements...
— [TRACE] 19:47:19 • [DependencyControl] DependencyControl initialization took 0.752393 seconds so far...
— [TRACE] 19:47:19 • [DependencyControl] Writing config file 'G:\Aegisub Old\Aegisub 3.2.2\config\l0.DependencyControl.json'...
— [TRACE] 19:47:19 • [DependencyControl] Running scheduled update for module 'Transform'...
— [HINT] 19:47:19 • [DependencyControl] Starting update of module 'Transform'... 
— [HINT] 19:47:19 • [DependencyControl] Trying 1 candidate feeds (normal mode)...
—— [HINT] 19:47:19 • [DependencyControl] Checking feed 1/1 (https://raw.githubusercontent.com/TypesettingTools/Aegisub-Motion/DepCtrl/DependencyControl.json)...
—— [TRACE] 19:47:19 • [DependencyControl] Using cached feed.
—— [TRACE] 19:47:19 • [DependencyControl] Feed has no new update.
— [HINT] 19:47:19 • [DependencyControl] Module 'Transform' is up-to-date (v1.2.4).
[HINT] 19:47:19 • [DependencyControl] Update ready. Using temporary directory 'C:\Users\asus\AppData\Local\Temp\\l0.DependencyControl_D426'.
[TRACE] 19:47:19 • [DependencyControl] Added Download https://raw.githubusercontent.com/TypesettingTools/Aegisub-Motion/DepCtrl/src/Tags.moon ==> 'a-mo/Tags.moon'.
[HINT] 19:47:19 • [DependencyControl] Downloading 1 files... [■■■■■■■■■■]
[HINT] 19:47:21 • [DependencyControl] Downloads complete. Now moving files to Aegisub automation directory 'G:\Aegisub Old\Aegisub 3.2.2\automation\include'...
— [TRACE] 19:47:21 • [DependencyControl] File 'G:\Aegisub Old\Aegisub 3.2.2\automation\include/a-mo/Tags.moon' already exists, overwriting...
— [TRACE] 19:47:21 • [DependencyControl] Moved 'C:\Users\asus\AppData\Local\Temp\\l0.DependencyControl_D426/script/a-mo/Tags.moon' ==> 'G:\Aegisub Old\Aegisub 3.2.2\automation\include/a-mo/Tags.moon'.
[TRACE] 19:47:21 • [DependencyControl] Writing updated module data to config file...
[TRACE] 19:47:21 • [DependencyControl] Writing config file 'G:\Aegisub Old\Aegisub 3.2.2\config\l0.DependencyControl.json'...
[TRACE] 19:47:21 • [DependencyControl] DependencyControl initialization took 0.756044 seconds so far...
[TRACE] 19:47:21 • [DependencyControl] DependencyControl initialization took 0.765911 seconds so far...
[TRACE] 19:47:21 • [DependencyControl] Writing config file 'G:\Aegisub Old\Aegisub 3.2.2\config\l0.DependencyControl.json'...
[HINT] 19:47:21 • [DependencyControl] Update of module 'Tags' (v1.3.4) complete.
[HINT] 19:47:21 • [DependencyControl] Please rescan your autoload directory for the changes to take effect.
[TRACE] 19:47:21 • [DependencyControl] Writing config file 'G:\Aegisub Old\Aegisub 3.2.2\config\l0.DependencyControl.json'...
[TRACE] 19:47:21 • [DependencyControl] Running scheduled update for module 'Line'...
[HINT] 19:47:21 • [DependencyControl] Starting update of module 'Line'... 
[TRACE] 19:47:21 • [DependencyControl] Writing config file 'G:\Aegisub Old\Aegisub 3.2.2\config\l0.DependencyControl.json'...
[HINT] 19:47:21 • [DependencyControl] Trying 1 candidate feeds (normal mode)...
— [HINT] 19:47:21 • [DependencyControl] Checking feed 1/1 (https://raw.githubusercontent.com/TypesettingTools/Aegisub-Motion/DepCtrl/DependencyControl.json)...
— [TRACE] 19:47:21 • [DependencyControl] Using cached feed.
[HINT] 19:47:21 • [DependencyControl] Checking requirements...
— [HINT] 19:47:21 • [DependencyControl] Updating outdated module 'Tags'...
— [HINT] 19:47:21 • [DependencyControl] Starting update of module 'Tags'... 
— [HINT] 19:47:21 • [DependencyControl] Tags v1.3.4 has already been installed.
— [TRACE] 19:47:21 • [DependencyControl] DependencyControl initialization took 0.773889 seconds so far...
[HINT] 19:47:21 • [DependencyControl] Update ready. Using temporary directory 'C:\Users\asus\AppData\Local\Temp\\l0.DependencyControl_5239'.
[TRACE] 19:47:21 • [DependencyControl] Added Download https://raw.githubusercontent.com/TypesettingTools/Aegisub-Motion/DepCtrl/src/Line.moon ==> 'a-mo/Line.moon'.
[HINT] 19:47:21 • [DependencyControl] Downloading 1 files... [■■■■■■■■■■]
[HINT] 19:47:22 • [DependencyControl] Downloads complete. Now moving files to Aegisub automation directory 'G:\Aegisub Old\Aegisub 3.2.2\automation\include'...
— [TRACE] 19:47:22 • [DependencyControl] File 'G:\Aegisub Old\Aegisub 3.2.2\automation\include/a-mo/Line.moon' already exists, overwriting...
— [TRACE] 19:47:22 • [DependencyControl] Moved 'C:\Users\asus\AppData\Local\Temp\\l0.DependencyControl_5239/script/a-mo/Line.moon' ==> 'G:\Aegisub Old\Aegisub 3.2.2\automation\include/a-mo/Line.moon'.
[TRACE] 19:47:22 • [DependencyControl] Writing updated module data to config file...
[TRACE] 19:47:22 • [DependencyControl] Writing config file 'G:\Aegisub Old\Aegisub 3.2.2\config\l0.DependencyControl.json'...
[TRACE] 19:47:22 • [DependencyControl] DependencyControl initialization took 0.778063 seconds so far...
[TRACE] 19:47:22 • [DependencyControl] DependencyControl initialization took 0.788493 seconds so far...
[HINT] 19:47:22 • [DependencyControl] Updating outdated module 'Tags'...
[HINT] 19:47:22 • [DependencyControl] Starting update of module 'Tags'... 
[HINT] 19:47:22 • [DependencyControl] Tags v1.3.4 has already been installed.
[TRACE] 19:47:22 • [DependencyControl] Writing config file 'G:\Aegisub Old\Aegisub 3.2.2\config\l0.DependencyControl.json'...
[HINT] 19:47:22 • [DependencyControl] Update of module 'Line' (v1.5.3) complete.
[HINT] 19:47:22 • [DependencyControl] Please rescan your autoload directory for the changes to take effect.
[TRACE] 19:47:22 • [DependencyControl] Writing config file 'G:\Aegisub Old\Aegisub 3.2.2\config\l0.DependencyControl.json'...
[TRACE] 19:47:22 • [DependencyControl] Running scheduled update for module 'LineCollection'...
[HINT] 19:47:22 • [DependencyControl] Starting update of module 'LineCollection'... 
[TRACE] 19:47:22 • [DependencyControl] Writing config file 'G:\Aegisub Old\Aegisub 3.2.2\config\l0.DependencyControl.json'...
[HINT] 19:47:22 • [DependencyControl] Trying 1 candidate feeds (normal mode)...
— [HINT] 19:47:22 • [DependencyControl] Checking feed 1/1 (https://raw.githubusercontent.com/TypesettingTools/Aegisub-Motion/DepCtrl/DependencyControl.json)...
— [TRACE] 19:47:22 • [DependencyControl] Using cached feed.
[HINT] 19:47:22 • [DependencyControl] Checking requirements...
— [TRACE] 19:47:22 • [DependencyControl] DependencyControl initialization took 0.797293 seconds so far...
[HINT] 19:47:22 • [DependencyControl] Update ready. Using temporary directory 'C:\Users\asus\AppData\Local\Temp\\l0.DependencyControl_16B1'.
[TRACE] 19:47:22 • [DependencyControl] Added Download https://raw.githubusercontent.com/TypesettingTools/Aegisub-Motion/DepCtrl/src/LineCollection.moon ==> 'a-mo/LineCollection.moon'.
[HINT] 19:47:22 • [DependencyControl] Downloading 1 files... [■■■■■■■■■■]
[HINT] 19:47:24 • [DependencyControl] Downloads complete. Now moving files to Aegisub automation directory 'G:\Aegisub Old\Aegisub 3.2.2\automation\include'...
— [TRACE] 19:47:24 • [DependencyControl] File 'G:\Aegisub Old\Aegisub 3.2.2\automation\include/a-mo/LineCollection.moon' already exists, overwriting...
— [TRACE] 19:47:24 • [DependencyControl] Moved 'C:\Users\asus\AppData\Local\Temp\\l0.DependencyControl_16B1/script/a-mo/LineCollection.moon' ==> 'G:\Aegisub Old\Aegisub 3.2.2\automation\include/a-mo/LineCollection.moon'.
[TRACE] 19:47:24 • [DependencyControl] DependencyControl initialization took 0.798361 seconds so far...
[TRACE] 19:47:24 • [DependencyControl] DependencyControl initialization took 0.799699 seconds so far...
[TRACE] 19:47:24 • [DependencyControl] Writing config file 'G:\Aegisub Old\Aegisub 3.2.2\config\l0.DependencyControl.json'...
[HINT] 19:47:24 • [DependencyControl] Update of module 'LineCollection' (v1.3.0) complete.
[HINT] 19:47:24 • [DependencyControl] Please rescan your autoload directory for the changes to take effect.
[TRACE] 19:47:24 • [DependencyControl] DependencyControl initialization took 0.807482 seconds so far...
[TRACE] 19:47:24 • [DependencyControl] DependencyControl initialization took 0.808471 seconds so far...
[TRACE] 19:47:24 • [DependencyControl] DependencyControl initialization took 0.809834 seconds so far...
[TRACE] 19:47:24 • [DependencyControl] DependencyControl initialization took 0.812194 seconds so far...
[TRACE] 19:47:24 • [DependencyControl] DependencyControl initialization took 0.813373 seconds so far...
[TRACE] 19:47:24 • [DependencyControl] Writing config file 'G:\Aegisub Old\Aegisub 3.2.2\config\l0.DependencyControl.json'...
[TRACE] 19:47:24 • [DependencyControl] Running scheduled update for module 'MotionHandler'...
[HINT] 19:47:24 • [DependencyControl] Starting update of module 'MotionHandler'... 
[TRACE] 19:47:24 • [DependencyControl] Writing config file 'G:\Aegisub Old\Aegisub 3.2.2\config\l0.DependencyControl.json'...
[HINT] 19:47:24 • [DependencyControl] Trying 1 candidate feeds (normal mode)...
— [HINT] 19:47:24 • [DependencyControl] Checking feed 1/1 (https://raw.githubusercontent.com/TypesettingTools/Aegisub-Motion/DepCtrl/DependencyControl.json)...
— [TRACE] 19:47:24 • [DependencyControl] Using cached feed.
[HINT] 19:47:24 • [DependencyControl] Checking requirements...
— [TRACE] 19:47:24 • [DependencyControl] DependencyControl initialization took 0.821541 seconds so far...
— [TRACE] 19:47:24 • [DependencyControl] DependencyControl initialization took 0.822595 seconds so far...
— [HINT] 19:47:24 • [DependencyControl] Updating outdated module 'Tags'...
— [HINT] 19:47:24 • [DependencyControl] Starting update of module 'Tags'... 
— [HINT] 19:47:24 • [DependencyControl] Tags v1.3.4 has already been installed.
[HINT] 19:47:24 • [DependencyControl] Update ready. Using temporary directory 'C:\Users\asus\AppData\Local\Temp\\l0.DependencyControl_12B0'.
[TRACE] 19:47:24 • [DependencyControl] Added Download https://raw.githubusercontent.com/TypesettingTools/Aegisub-Motion/DepCtrl/src/MotionHandler.moon ==> 'a-mo/MotionHandler.moon'.
[HINT] 19:47:24 • [DependencyControl] Downloading 1 files... [■■■■■■■■■■]
[HINT] 19:47:26 • [DependencyControl] Downloads complete. Now moving files to Aegisub automation directory 'G:\Aegisub Old\Aegisub 3.2.2\automation\include'...
— [TRACE] 19:47:26 • [DependencyControl] File 'G:\Aegisub Old\Aegisub 3.2.2\automation\include/a-mo/MotionHandler.moon' already exists, overwriting...
— [TRACE] 19:47:26 • [DependencyControl] Moved 'C:\Users\asus\AppData\Local\Temp\\l0.DependencyControl_12B0/script/a-mo/MotionHandler.moon' ==> 'G:\Aegisub Old\Aegisub 3.2.2\automation\include/a-mo/MotionHandler.moon'.
[HINT] 19:47:26 • [DependencyControl] update of module 'MotionHandler' succeeded, couldn't be located by the module loader.
[TRACE] 19:47:26 • [DependencyControl] DependencyControl initialization took 0.939386 seconds so far...
[TRACE] 19:47:26 • [DependencyControl] DependencyControl initialization took 0.941125 seconds so far...
[TRACE] 19:47:26 • [DependencyControl] Writing config file 'G:\Aegisub Old\Aegisub 3.2.2\config\l0.DependencyControl.json'...
[TRACE] 19:47:26 • [DependencyControl] DependencyControl initialization took 0.944077 seconds so far...
[TRACE] 19:47:26 • [DependencyControl] DependencyControl initialization took 0.945328 seconds so far...
[TRACE] 19:47:40 + [DependencyControl] Writing config file 'G:\Aegisub Old\Aegisub 3.2.2\config\l0.DependencyControl.json'...
[TRACE] 19:47:40 + [DependencyControl] Running scheduled update for macro 'Aegisub-Motion'...
[HINT] 19:47:40 + [DependencyControl] Starting update of macro 'Aegisub-Motion'... 
[TRACE] 19:47:40 + [DependencyControl] Writing config file 'G:\Aegisub Old\Aegisub 3.2.2\config\l0.DependencyControl.json'...
[HINT] 19:47:40 + [DependencyControl] Trying 1 candidate feeds (normal mode)...
— [HINT] 19:47:40 + [DependencyControl] Checking feed 1/1 (https://raw.githubusercontent.com/TypesettingTools/Aegisub-Motion/DepCtrl/DependencyControl.json)...
— [TRACE] 19:47:40 + [DependencyControl] Using cached feed.
[HINT] 19:47:40 + [DependencyControl] Checking requirements...
— [TRACE] 19:47:40 + [DependencyControl] DependencyControl initialization took 0.951608 seconds so far...
— [TRACE] 19:47:40 + [DependencyControl] DependencyControl initialization took 0.952379 seconds so far...
— [TRACE] 19:47:40 + [DependencyControl] DependencyControl initialization took 0.952672 seconds so far...
— [HINT] 19:47:40 + [DependencyControl] Fetching required module 'a-mo.MotionHandler'...
— [HINT] 19:47:40 + [DependencyControl] Starting update of module 'MotionHandler'... 
— [HINT] 19:47:40 + [DependencyControl] No remaining feed available to update module 'MotionHandler' from.
— [HINT] 19:47:40 + [DependencyControl] Error: one or more of the modules required by Aegisub-Motion could not be found on your system:
—— a-mo.MotionHandler  (v1.1.8)
——— Reason: No remaining feed available to fetch module 'a-mo.MotionHandler' from.
— nil
[HINT] 19:47:40 + [DependencyControl] Couldn't update macro 'Aegisub-Motion' because its requirements could not be satisfied:
[TRACE] 19:47:40 + [DependencyControl] Writing config file 'G:\Aegisub Old\Aegisub 3.2.2\config\l0.DependencyControl.json'...
